# JRE version: OpenJDK Runtime Environment (17.0.7) (build 17.0.7+0-b2043.56-10550314)
# Java VM: OpenJDK 64-Bit Server VM (17.0.7+0-b2043.56-10550314, mixed mode, tiered, compressed oops, compressed class ptrs, g1 gc, windows-amd64)
GC Precious Log:
 CPUs: 12 total, 12 available
 Memory: 7916M
 Large Page Support: Disabled
 NUMA Support: Disabled
 Compressed Oops: Enabled (Zero based)
 Heap Region Size: 2M
 Heap Min Capacity: 8M
 Heap Initial Capacity: 124M
 Heap Max Capacity: 4G
 Pre-touch: Disabled
 Parallel Workers: 10
 Concurrent Workers: 3
 Concurrent Refinement Workers: 10
 Periodic GC: Disabled
Heap:
 garbage-first heap   total 169984K, used 127754K [0x0000000700000000, 0x0000000800000000)
  region size 2048K, 25 young (51200K), 4 survivors (8192K)
 Metaspace       used 74019K, committed 74688K, reserved 1114112K
  class space    used 9831K, committed 10112K, reserved 1048576K
GC Heap History (20 events):
Event: 6.100 GC heap before
{Heap before GC invocations=11 (full 0):
 garbage-first heap   total 92160K, used 56086K [0x0000000700000000, 0x0000000800000000)
  region size 2048K, 10 young (20480K), 2 survivors (4096K)
 Metaspace       used 46630K, committed 47104K, reserved 1114112K
  class space    used 6188K, committed 6400K, reserved 1048576K
}
Event: 6.108 GC heap after
{Heap after GC invocations=12 (full 0):
 garbage-first heap   total 92160K, used 43755K [0x0000000700000000, 0x0000000800000000)
  region size 2048K, 1 young (2048K), 1 survivors (2048K)
 Metaspace       used 46630K, committed 47104K, reserved 1114112K
  class space    used 6188K, committed 6400K, reserved 1048576K
}
Event: 6.714 GC heap before
{Heap before GC invocations=13 (full 0):
 garbage-first heap   total 92160K, used 74475K [0x0000000700000000, 0x0000000800000000)
  region size 2048K, 14 young (28672K), 1 survivors (2048K)
 Metaspace       used 49177K, committed 49664K, reserved 1114112K
  class space    used 6430K, committed 6656K, reserved 1048576K
}
Event: 6.719 GC heap after
{Heap after GC invocations=14 (full 0):
 garbage-first heap   total 92160K, used 53492K [0x0000000700000000, 0x0000000800000000)
  region size 2048K, 2 young (4096K), 2 survivors (4096K)
 Metaspace       used 49177K, committed 49664K, reserved 1114112K
  class space    used 6430K, committed 6656K, reserved 1048576K
}
Event: 6.744 GC heap before
{Heap before GC invocations=14 (full 0):
 garbage-first heap   total 92160K, used 55540K [0x0000000700000000, 0x0000000800000000)
  region size 2048K, 3 young (6144K), 2 survivors (4096K)
 Metaspace       used 49241K, committed 49728K, reserved 1114112K
  class space    used 6437K, committed 6656K, reserved 1048576K
}
Event: 6.751 GC heap after
{Heap after GC invocations=15 (full 0):
 garbage-first heap   total 92160K, used 53732K [0x0000000700000000, 0x0000000800000000)
  region size 2048K, 1 young (2048K), 1 survivors (2048K)
 Metaspace       used 49241K, committed 49728K, reserved 1114112K
  class space    used 6437K, committed 6656K, reserved 1048576K
}
Event: 6.937 GC heap before
{Heap before GC invocations=15 (full 0):
 garbage-first heap   total 92160K, used 70116K [0x0000000700000000, 0x0000000800000000)
  region size 2048K, 9 young (18432K), 1 survivors (2048K)
 Metaspace       used 50326K, committed 50880K, reserved 1114112K
  class space    used 6624K, committed 6848K, reserved 1048576K
}
Event: 6.940 GC heap after
{Heap after GC invocations=16 (full 0):
 garbage-first heap   total 92160K, used 55244K [0x0000000700000000, 0x0000000800000000)
  region size 2048K, 1 young (2048K), 1 survivors (2048K)
 Metaspace       used 50326K, committed 50880K, reserved 1114112K
  class space    used 6624K, committed 6848K, reserved 1048576K
}
Event: 7.349 GC heap before
{Heap before GC invocations=17 (full 0):
 garbage-first heap   total 100352K, used 73676K [0x0000000700000000, 0x0000000800000000)
  region size 2048K, 10 young (20480K), 1 survivors (2048K)
 Metaspace       used 52255K, committed 52800K, reserved 1114112K
  class space    used 6963K, committed 7168K, reserved 1048576K
}
Event: 7.360 GC heap after
{Heap after GC invocations=18 (full 0):
 garbage-first heap   total 100352K, used 56485K [0x0000000700000000, 0x0000000800000000)
  region size 2048K, 2 young (4096K), 2 survivors (4096K)
 Metaspace       used 52255K, committed 52800K, reserved 1114112K
  class space    used 6963K, committed 7168K, reserved 1048576K
}
Event: 7.984 GC heap before
{Heap before GC invocations=18 (full 0):
 garbage-first heap   total 100352K, used 79013K [0x0000000700000000, 0x0000000800000000)
  region size 2048K, 13 young (26624K), 2 survivors (4096K)
 Metaspace       used 54384K, committed 54976K, reserved 1114112K
  class space    used 7261K, committed 7552K, reserved 1048576K
}
Event: 7.992 GC heap after
{Heap after GC invocations=19 (full 0):
 garbage-first heap   total 169984K, used 58912K [0x0000000700000000, 0x0000000800000000)
  region size 2048K, 2 young (4096K), 2 survivors (4096K)
 Metaspace       used 54384K, committed 54976K, reserved 1114112K
  class space    used 7261K, committed 7552K, reserved 1048576K
}
Event: 8.884 GC heap before
{Heap before GC invocations=20 (full 0):
 garbage-first heap   total 169984K, used 128544K [0x0000000700000000, 0x0000000800000000)
  region size 2048K, 35 young (71680K), 2 survivors (4096K)
 Metaspace       used 57166K, committed 57728K, reserved 1114112K
  class space    used 7624K, committed 7872K, reserved 1048576K
}
Event: 8.895 GC heap after
{Heap after GC invocations=21 (full 0):
 garbage-first heap   total 169984K, used 75743K [0x0000000700000000, 0x0000000800000000)
  region size 2048K, 5 young (10240K), 5 survivors (10240K)
 Metaspace       used 57166K, committed 57728K, reserved 1114112K
  class space    used 7624K, committed 7872K, reserved 1048576K
}
Event: 9.883 GC heap before
{Heap before GC invocations=21 (full 0):
 garbage-first heap   total 169984K, used 126943K [0x0000000700000000, 0x0000000800000000)
  region size 2048K, 30 young (61440K), 5 survivors (10240K)
 Metaspace       used 65524K, committed 66240K, reserved 1114112K
  class space    used 8703K, committed 9024K, reserved 1048576K
}
Event: 9.892 GC heap after
{Heap after GC invocations=22 (full 0):
 garbage-first heap   total 169984K, used 81125K [0x0000000700000000, 0x0000000800000000)
  region size 2048K, 3 young (6144K), 3 survivors (6144K)
 Metaspace       used 65524K, committed 66240K, reserved 1114112K
  class space    used 8703K, committed 9024K, reserved 1048576K
}
Event: 10.566 GC heap before
{Heap before GC invocations=22 (full 0):
 garbage-first heap   total 169984K, used 124133K [0x0000000700000000, 0x0000000800000000)
  region size 2048K, 25 young (51200K), 3 survivors (6144K)
 Metaspace       used 68934K, committed 69568K, reserved 1114112K
  class space    used 9139K, committed 9408K, reserved 1048576K
}
Event: 10.572 GC heap after
{Heap after GC invocations=23 (full 0):
 garbage-first heap   total 169984K, used 82979K [0x0000000700000000, 0x0000000800000000)
  region size 2048K, 2 young (4096K), 2 survivors (4096K)
 Metaspace       used 68934K, committed 69568K, reserved 1114112K
  class space    used 9139K, committed 9408K, reserved 1048576K
}
Event: 11.298 GC heap before
{Heap before GC invocations=24 (full 0):
 garbage-first heap   total 169984K, used 130083K [0x0000000700000000, 0x0000000800000000)
  region size 2048K, 25 young (51200K), 2 survivors (4096K)
 Metaspace       used 72130K, committed 72768K, reserved 1114112K
  class space    used 9581K, committed 9856K, reserved 1048576K
}
Event: 11.306 GC heap after
{Heap after GC invocations=25 (full 0):
 garbage-first heap   total 169984K, used 86794K [0x0000000700000000, 0x0000000800000000)
  region size 2048K, 4 young (8192K), 4 survivors (8192K)
 Metaspace       used 72130K, committed 72768K, reserved 1114112K
  class space    used 9581K, committed 9856K, reserved 1048576K
}

