# JRE version: OpenJDK Runtime Environment (17.0.7) (build 17.0.7+0-b2043.56-10550314)
# Java VM: OpenJDK 64-Bit Server VM (17.0.7+0-b2043.56-10550314, mixed mode, tiered, compressed oops, compressed class ptrs, g1 gc, windows-amd64)
GC Precious Log:
 CPUs: 12 total, 12 available
 Memory: 7916M
 Large Page Support: Disabled
 NUMA Support: Disabled
 Compressed Oops: Enabled (32-bit)
 Heap Region Size: 1M
 Heap Min Capacity: 8M
 Heap Initial Capacity: 124M
 Heap Max Capacity: 2G
 Pre-touch: Disabled
 Parallel Workers: 10
 Concurrent Workers: 3
 Concurrent Refinement Workers: 10
 Periodic GC: Disabled
Heap:
 garbage-first heap   total 162816K, used 106949K [0x0000000080000000, 0x0000000100000000)
  region size 1024K, 4 young (4096K), 4 survivors (4096K)
 Metaspace       used 81744K, committed 82432K, reserved 1179648K
  class space    used 11113K, committed 11392K, reserved 1048576K
GC Heap History (20 events):
Event: 8.104 GC heap after
{Heap after GC invocations=25 (full 0):
 garbage-first heap   total 135168K, used 67332K [0x0000000080000000, 0x0000000100000000)
  region size 1024K, 4 young (4096K), 4 survivors (4096K)
 Metaspace       used 54897K, committed 55488K, reserved 1114112K
  class space    used 7328K, committed 7616K, reserved 1048576K
}
Event: 8.509 GC heap before
{Heap before GC invocations=26 (full 0):
 garbage-first heap   total 135168K, used 107268K [0x0000000080000000, 0x0000000100000000)
  region size 1024K, 37 young (37888K), 4 survivors (4096K)
 Metaspace       used 58627K, committed 59264K, reserved 1114112K
  class space    used 7858K, committed 8128K, reserved 1048576K
}
Event: 8.515 GC heap after
{Heap after GC invocations=27 (full 0):
 garbage-first heap   total 135168K, used 77824K [0x0000000080000000, 0x0000000100000000)
  region size 1024K, 5 young (5120K), 5 survivors (5120K)
 Metaspace       used 58627K, committed 59264K, reserved 1114112K
  class space    used 7858K, committed 8128K, reserved 1048576K
}
Event: 8.529 GC heap before
{Heap before GC invocations=27 (full 0):
 garbage-first heap   total 135168K, used 78848K [0x0000000080000000, 0x0000000100000000)
  region size 1024K, 6 young (6144K), 5 survivors (5120K)
 Metaspace       used 58809K, committed 59456K, reserved 1114112K
  class space    used 7872K, committed 8128K, reserved 1048576K
}
Event: 8.533 GC heap after
{Heap after GC invocations=28 (full 0):
 garbage-first heap   total 162816K, used 77684K [0x0000000080000000, 0x0000000100000000)
  region size 1024K, 1 young (1024K), 1 survivors (1024K)
 Metaspace       used 58809K, committed 59456K, reserved 1114112K
  class space    used 7872K, committed 8128K, reserved 1048576K
}
Event: 9.276 GC heap before
{Heap before GC invocations=28 (full 0):
 garbage-first heap   total 162816K, used 125812K [0x0000000080000000, 0x0000000100000000)
  region size 1024K, 44 young (45056K), 1 survivors (1024K)
 Metaspace       used 65479K, committed 66176K, reserved 1114112K
  class space    used 8719K, committed 9024K, reserved 1048576K
}
Event: 9.281 GC heap after
{Heap after GC invocations=29 (full 0):
 garbage-first heap   total 162816K, used 85371K [0x0000000080000000, 0x0000000100000000)
  region size 1024K, 5 young (5120K), 5 survivors (5120K)
 Metaspace       used 65479K, committed 66176K, reserved 1114112K
  class space    used 8719K, committed 9024K, reserved 1048576K
}
Event: 9.901 GC heap before
{Heap before GC invocations=30 (full 0):
 garbage-first heap   total 162816K, used 127355K [0x0000000080000000, 0x0000000100000000)
  region size 1024K, 44 young (45056K), 5 survivors (5120K)
 Metaspace       used 69153K, committed 69824K, reserved 1114112K
  class space    used 9183K, committed 9472K, reserved 1048576K
}
Event: 9.906 GC heap after
{Heap after GC invocations=31 (full 0):
 garbage-first heap   total 162816K, used 84161K [0x0000000080000000, 0x0000000100000000)
  region size 1024K, 4 young (4096K), 4 survivors (4096K)
 Metaspace       used 69153K, committed 69824K, reserved 1114112K
  class space    used 9183K, committed 9472K, reserved 1048576K
}
Event: 9.965 GC heap before
{Heap before GC invocations=31 (full 0):
 garbage-first heap   total 162816K, used 87233K [0x0000000080000000, 0x0000000100000000)
  region size 1024K, 7 young (7168K), 4 survivors (4096K)
 Metaspace       used 69442K, committed 70144K, reserved 1114112K
  class space    used 9244K, committed 9536K, reserved 1048576K
}
Event: 9.968 GC heap after
{Heap after GC invocations=32 (full 0):
 garbage-first heap   total 162816K, used 84145K [0x0000000080000000, 0x0000000100000000)
  region size 1024K, 1 young (1024K), 1 survivors (1024K)
 Metaspace       used 69442K, committed 70144K, reserved 1114112K
  class space    used 9244K, committed 9536K, reserved 1048576K
}
Event: 10.595 GC heap before
{Heap before GC invocations=32 (full 0):
 garbage-first heap   total 162816K, used 127153K [0x0000000080000000, 0x0000000100000000)
  region size 1024K, 43 young (44032K), 1 survivors (1024K)
 Metaspace       used 72124K, committed 72832K, reserved 1114112K
  class space    used 9596K, committed 9920K, reserved 1048576K
}
Event: 10.599 GC heap after
{Heap after GC invocations=33 (full 0):
 garbage-first heap   total 162816K, used 87279K [0x0000000080000000, 0x0000000100000000)
  region size 1024K, 4 young (4096K), 4 survivors (4096K)
 Metaspace       used 72124K, committed 72832K, reserved 1114112K
  class space    used 9596K, committed 9920K, reserved 1048576K
}
Event: 11.018 GC heap before
{Heap before GC invocations=33 (full 0):
 garbage-first heap   total 162816K, used 129263K [0x0000000080000000, 0x0000000100000000)
  region size 1024K, 45 young (46080K), 4 survivors (4096K)
 Metaspace       used 74211K, committed 74944K, reserved 1114112K
  class space    used 9872K, committed 10176K, reserved 1048576K
}
Event: 11.024 GC heap after
{Heap after GC invocations=34 (full 0):
 garbage-first heap   total 162816K, used 90884K [0x0000000080000000, 0x0000000100000000)
  region size 1024K, 4 young (4096K), 4 survivors (4096K)
 Metaspace       used 74211K, committed 74944K, reserved 1114112K
  class space    used 9872K, committed 10176K, reserved 1048576K
}
Event: 11.656 GC heap before
{Heap before GC invocations=34 (full 0):
 garbage-first heap   total 162816K, used 130820K [0x0000000080000000, 0x0000000100000000)
  region size 1024K, 43 young (44032K), 4 survivors (4096K)
 Metaspace       used 78843K, committed 79616K, reserved 1179648K
  class space    used 10694K, committed 11008K, reserved 1048576K
}
Event: 11.661 GC heap after
{Heap after GC invocations=35 (full 0):
 garbage-first heap   total 162816K, used 93123K [0x0000000080000000, 0x0000000100000000)
  region size 1024K, 3 young (3072K), 3 survivors (3072K)
 Metaspace       used 78843K, committed 79616K, reserved 1179648K
  class space    used 10694K, committed 11008K, reserved 1048576K
}
Event: 11.945 GC heap before
{Heap before GC invocations=35 (full 0):
 garbage-first heap   total 162816K, used 133059K [0x0000000080000000, 0x0000000100000000)
  region size 1024K, 42 young (43008K), 3 survivors (3072K)
 Metaspace       used 80195K, committed 80896K, reserved 1179648K
  class space    used 10909K, committed 11200K, reserved 1048576K
}
Event: 11.950 GC heap after
{Heap after GC invocations=36 (full 0):
 garbage-first heap   total 162816K, used 96106K [0x0000000080000000, 0x0000000100000000)
  region size 1024K, 6 young (6144K), 6 survivors (6144K)
 Metaspace       used 80195K, committed 80896K, reserved 1179648K
  class space    used 10909K, committed 11200K, reserved 1048576K
}
Event: 12.142 GC heap before
{Heap before GC invocations=36 (full 0):
 garbage-first heap   total 162816K, used 117610K [0x0000000080000000, 0x0000000100000000)
  region size 1024K, 21 young (21504K), 6 survivors (6144K)
 Metaspace       used 81744K, committed 82432K, reserved 1179648K
  class space    used 11113K, committed 11392K, reserved 1048576K
}

