# JRE version: OpenJDK Runtime Environment (17.0.7) (build 17.0.7+0-b2043.56-10550314)
# Java VM: OpenJDK 64-Bit Server VM (17.0.7+0-b2043.56-10550314, mixed mode, tiered, compressed oops, compressed class ptrs, g1 gc, windows-amd64)
GC Precious Log:
 CPUs: 12 total, 12 available
 Memory: 7916M
 Large Page Support: Disabled
 NUMA Support: Disabled
 Compressed Oops: Enabled (32-bit)
 Heap Region Size: 1M
 Heap Min Capacity: 8M
 Heap Initial Capacity: 124M
 Heap Max Capacity: 2G
 Pre-touch: Disabled
 Parallel Workers: 10
 Concurrent Workers: 3
 Concurrent Refinement Workers: 10
 Periodic GC: Disabled
Heap:
 garbage-first heap   total 78848K, used 40974K [0x0000000080000000, 0x0000000100000000)
  region size 1024K, 8 young (8192K), 1 survivors (1024K)
 Metaspace       used 34605K, committed 34944K, reserved 1114112K
  class space    used 4818K, committed 4992K, reserved 1048576K
GC Heap History (14 events):
Event: 1.480 GC heap before
{Heap before GC invocations=0 (full 0):
 garbage-first heap   total 126976K, used 27648K [0x0000000080000000, 0x0000000100000000)
  region size 1024K, 23 young (23552K), 0 survivors (0K)
 Metaspace       used 10258K, committed 10432K, reserved 1114112K
  class space    used 1059K, committed 1152K, reserved 1048576K
}
Event: 1.492 GC heap after
{Heap after GC invocations=1 (full 0):
 garbage-first heap   total 126976K, used 10212K [0x0000000080000000, 0x0000000100000000)
  region size 1024K, 3 young (3072K), 3 survivors (3072K)
 Metaspace       used 10258K, committed 10432K, reserved 1114112K
  class space    used 1059K, committed 1152K, reserved 1048576K
}
Event: 2.255 GC heap before
{Heap before GC invocations=1 (full 0):
 garbage-first heap   total 126976K, used 39908K [0x0000000080000000, 0x0000000100000000)
  region size 1024K, 31 young (31744K), 3 survivors (3072K)
 Metaspace       used 11213K, committed 11456K, reserved 1114112K
  class space    used 1162K, committed 1280K, reserved 1048576K
}
Event: 2.267 GC heap after
{Heap after GC invocations=2 (full 0):
 garbage-first heap   total 126976K, used 14254K [0x0000000080000000, 0x0000000100000000)
  region size 1024K, 4 young (4096K), 4 survivors (4096K)
 Metaspace       used 11213K, committed 11456K, reserved 1114112K
  class space    used 1162K, committed 1280K, reserved 1048576K
}
Event: 4.085 GC heap before
{Heap before GC invocations=2 (full 0):
 garbage-first heap   total 126976K, used 51118K [0x0000000080000000, 0x0000000100000000)
  region size 1024K, 41 young (41984K), 4 survivors (4096K)
 Metaspace       used 21241K, committed 21504K, reserved 1114112K
  class space    used 2558K, committed 2688K, reserved 1048576K
}
Event: 4.110 GC heap after
{Heap after GC invocations=3 (full 0):
 garbage-first heap   total 126976K, used 17953K [0x0000000080000000, 0x0000000100000000)
  region size 1024K, 8 young (8192K), 8 survivors (8192K)
 Metaspace       used 21241K, committed 21504K, reserved 1114112K
  class space    used 2558K, committed 2688K, reserved 1048576K
}
Event: 5.258 GC heap before
{Heap before GC invocations=4 (full 0):
 garbage-first heap   total 65536K, used 49697K [0x0000000080000000, 0x0000000100000000)
  region size 1024K, 41 young (41984K), 8 survivors (8192K)
 Metaspace       used 26467K, committed 26752K, reserved 1114112K
  class space    used 3483K, committed 3648K, reserved 1048576K
}
Event: 5.277 GC heap after
{Heap after GC invocations=5 (full 0):
 garbage-first heap   total 65536K, used 20689K [0x0000000080000000, 0x0000000100000000)
  region size 1024K, 7 young (7168K), 7 survivors (7168K)
 Metaspace       used 26467K, committed 26752K, reserved 1114112K
  class space    used 3483K, committed 3648K, reserved 1048576K
}
Event: 6.487 GC heap before
{Heap before GC invocations=5 (full 0):
 garbage-first heap   total 65536K, used 48337K [0x0000000080000000, 0x0000000100000000)
  region size 1024K, 29 young (29696K), 7 survivors (7168K)
 Metaspace       used 29483K, committed 29824K, reserved 1114112K
  class space    used 4001K, committed 4160K, reserved 1048576K
}
Event: 6.502 GC heap after
{Heap after GC invocations=6 (full 0):
 garbage-first heap   total 65536K, used 32282K [0x0000000080000000, 0x0000000100000000)
  region size 1024K, 4 young (4096K), 4 survivors (4096K)
 Metaspace       used 29483K, committed 29824K, reserved 1114112K
  class space    used 4001K, committed 4160K, reserved 1048576K
}
Event: 6.962 GC heap before
{Heap before GC invocations=6 (full 0):
 garbage-first heap   total 65536K, used 47642K [0x0000000080000000, 0x0000000100000000)
  region size 1024K, 19 young (19456K), 4 survivors (4096K)
 Metaspace       used 31557K, committed 31936K, reserved 1114112K
  class space    used 4330K, committed 4480K, reserved 1048576K
}
Event: 6.972 GC heap after
{Heap after GC invocations=7 (full 0):
 garbage-first heap   total 65536K, used 34009K [0x0000000080000000, 0x0000000100000000)
  region size 1024K, 2 young (2048K), 2 survivors (2048K)
 Metaspace       used 31557K, committed 31936K, reserved 1114112K
  class space    used 4330K, committed 4480K, reserved 1048576K
}
Event: 7.502 GC heap before
{Heap before GC invocations=7 (full 0):
 garbage-first heap   total 65536K, used 48345K [0x0000000080000000, 0x0000000100000000)
  region size 1024K, 16 young (16384K), 2 survivors (2048K)
 Metaspace       used 33536K, committed 33920K, reserved 1114112K
  class space    used 4651K, committed 4800K, reserved 1048576K
}
Event: 7.512 GC heap after
{Heap after GC invocations=8 (full 0):
 garbage-first heap   total 78848K, used 34830K [0x0000000080000000, 0x0000000100000000)
  region size 1024K, 1 young (1024K), 1 survivors (1024K)
 Metaspace       used 33536K, committed 33920K, reserved 1114112K
  class space    used 4651K, committed 4800K, reserved 1048576K
}

