# JRE version: OpenJDK Runtime Environment (17.0.7) (build 17.0.7+0-b2043.56-10550314)
# Java VM: OpenJDK 64-Bit Server VM (17.0.7+0-b2043.56-10550314, mixed mode, tiered, compressed oops, compressed class ptrs, g1 gc, windows-amd64)
GC Precious Log:
 CPUs: 12 total, 12 available
 Memory: 7916M
 Large Page Support: Disabled
 NUMA Support: Disabled
 Compressed Oops: Enabled (32-bit)
 Heap Region Size: 1M
 Heap Min Capacity: 8M
 Heap Initial Capacity: 124M
 Heap Max Capacity: 2G
 Pre-touch: Disabled
 Parallel Workers: 10
 Concurrent Workers: 3
 Concurrent Refinement Workers: 10
 Periodic GC: Disabled
Heap:
 garbage-first heap   total 158720K, used 108907K [0x0000000080000000, 0x0000000100000000)
  region size 1024K, 29 young (29696K), 4 survivors (4096K)
 Metaspace       used 70572K, committed 71232K, reserved 1114112K
  class space    used 9381K, committed 9664K, reserved 1048576K
GC Heap History (20 events):
Event: 7.559 GC heap before
{Heap before GC invocations=12 (full 0):
 garbage-first heap   total 117760K, used 89095K [0x0000000080000000, 0x0000000100000000)
  region size 1024K, 45 young (46080K), 4 survivors (4096K)
 Metaspace       used 49611K, committed 50112K, reserved 1114112K
  class space    used 6496K, committed 6720K, reserved 1048576K
}
Event: 7.565 GC heap after
{Heap after GC invocations=13 (full 0):
 garbage-first heap   total 117760K, used 53255K [0x0000000080000000, 0x0000000100000000)
  region size 1024K, 6 young (6144K), 6 survivors (6144K)
 Metaspace       used 49611K, committed 50112K, reserved 1114112K
  class space    used 6496K, committed 6720K, reserved 1048576K
}
Event: 8.356 GC heap before
{Heap before GC invocations=13 (full 0):
 garbage-first heap   total 117760K, used 88071K [0x0000000080000000, 0x0000000100000000)
  region size 1024K, 40 young (40960K), 6 survivors (6144K)
 Metaspace       used 53391K, committed 53888K, reserved 1114112K
  class space    used 7131K, committed 7296K, reserved 1048576K
}
Event: 8.366 GC heap after
{Heap after GC invocations=14 (full 0):
 garbage-first heap   total 117760K, used 56419K [0x0000000080000000, 0x0000000100000000)
  region size 1024K, 3 young (3072K), 3 survivors (3072K)
 Metaspace       used 53391K, committed 53888K, reserved 1114112K
  class space    used 7131K, committed 7296K, reserved 1048576K
}
Event: 9.389 GC heap before
{Heap before GC invocations=14 (full 0):
 garbage-first heap   total 117760K, used 89187K [0x0000000080000000, 0x0000000100000000)
  region size 1024K, 36 young (36864K), 3 survivors (3072K)
 Metaspace       used 54937K, committed 55488K, reserved 1114112K
  class space    used 7304K, committed 7552K, reserved 1048576K
}
Event: 9.395 GC heap after
{Heap after GC invocations=15 (full 0):
 garbage-first heap   total 117760K, used 60240K [0x0000000080000000, 0x0000000100000000)
  region size 1024K, 4 young (4096K), 4 survivors (4096K)
 Metaspace       used 54937K, committed 55488K, reserved 1114112K
  class space    used 7304K, committed 7552K, reserved 1048576K
}
Event: 9.558 GC heap before
{Heap before GC invocations=16 (full 0):
 garbage-first heap   total 117760K, used 66384K [0x0000000080000000, 0x0000000100000000)
  region size 1024K, 12 young (12288K), 4 survivors (4096K)
 Metaspace       used 55006K, committed 55616K, reserved 1114112K
  class space    used 7313K, committed 7616K, reserved 1048576K
}
Event: 9.565 GC heap after
{Heap after GC invocations=17 (full 0):
 garbage-first heap   total 117760K, used 61145K [0x0000000080000000, 0x0000000100000000)
  region size 1024K, 2 young (2048K), 2 survivors (2048K)
 Metaspace       used 55006K, committed 55616K, reserved 1114112K
  class space    used 7313K, committed 7616K, reserved 1048576K
}
Event: 10.174 GC heap before
{Heap before GC invocations=18 (full 0):
 garbage-first heap   total 117760K, used 101081K [0x0000000080000000, 0x0000000100000000)
  region size 1024K, 33 young (33792K), 2 survivors (2048K)
 Metaspace       used 58216K, committed 58816K, reserved 1114112K
  class space    used 7761K, committed 8064K, reserved 1048576K
}
Event: 10.179 GC heap after
{Heap after GC invocations=19 (full 0):
 garbage-first heap   total 117760K, used 76062K [0x0000000080000000, 0x0000000100000000)
  region size 1024K, 5 young (5120K), 5 survivors (5120K)
 Metaspace       used 58216K, committed 58816K, reserved 1114112K
  class space    used 7761K, committed 8064K, reserved 1048576K
}
Event: 10.207 GC heap before
{Heap before GC invocations=19 (full 0):
 garbage-first heap   total 117760K, used 77086K [0x0000000080000000, 0x0000000100000000)
  region size 1024K, 6 young (6144K), 5 survivors (5120K)
 Metaspace       used 58342K, committed 58944K, reserved 1114112K
  class space    used 7784K, committed 8064K, reserved 1048576K
}
Event: 10.222 GC heap after
{Heap after GC invocations=20 (full 0):
 garbage-first heap   total 117760K, used 76271K [0x0000000080000000, 0x0000000100000000)
  region size 1024K, 1 young (1024K), 1 survivors (1024K)
 Metaspace       used 58342K, committed 58944K, reserved 1114112K
  class space    used 7784K, committed 8064K, reserved 1048576K
}
Event: 11.002 GC heap before
{Heap before GC invocations=20 (full 0):
 garbage-first heap   total 117760K, used 96751K [0x0000000080000000, 0x0000000100000000)
  region size 1024K, 21 young (21504K), 1 survivors (1024K)
 Metaspace       used 61568K, committed 62144K, reserved 1114112K
  class space    used 8164K, committed 8384K, reserved 1048576K
}
Event: 11.005 GC heap after
{Heap after GC invocations=21 (full 0):
 garbage-first heap   total 117760K, used 76598K [0x0000000080000000, 0x0000000100000000)
  region size 1024K, 1 young (1024K), 1 survivors (1024K)
 Metaspace       used 61568K, committed 62144K, reserved 1114112K
  class space    used 8164K, committed 8384K, reserved 1048576K
}
Event: 11.703 GC heap before
{Heap before GC invocations=22 (full 0):
 garbage-first heap   total 132096K, used 97078K [0x0000000080000000, 0x0000000100000000)
  region size 1024K, 21 young (21504K), 1 survivors (1024K)
 Metaspace       used 65548K, committed 66240K, reserved 1114112K
  class space    used 8709K, committed 9024K, reserved 1048576K
}
Event: 11.707 GC heap after
{Heap after GC invocations=23 (full 0):
 garbage-first heap   total 132096K, used 79738K [0x0000000080000000, 0x0000000100000000)
  region size 1024K, 3 young (3072K), 3 survivors (3072K)
 Metaspace       used 65548K, committed 66240K, reserved 1114112K
  class space    used 8709K, committed 9024K, reserved 1048576K
}
Event: 11.720 GC heap before
{Heap before GC invocations=23 (full 0):
 garbage-first heap   total 132096K, used 85882K [0x0000000080000000, 0x0000000100000000)
  region size 1024K, 6 young (6144K), 3 survivors (3072K)
 Metaspace       used 65548K, committed 66240K, reserved 1114112K
  class space    used 8709K, committed 9024K, reserved 1048576K
}
Event: 11.724 GC heap after
{Heap after GC invocations=24 (full 0):
 garbage-first heap   total 158720K, used 82801K [0x0000000080000000, 0x0000000100000000)
  region size 1024K, 1 young (1024K), 1 survivors (1024K)
 Metaspace       used 65548K, committed 66240K, reserved 1114112K
  class space    used 8709K, committed 9024K, reserved 1048576K
}
Event: 12.657 GC heap before
{Heap before GC invocations=24 (full 0):
 garbage-first heap   total 158720K, used 125809K [0x0000000080000000, 0x0000000100000000)
  region size 1024K, 41 young (41984K), 1 survivors (1024K)
 Metaspace       used 68961K, committed 69568K, reserved 1114112K
  class space    used 9146K, committed 9408K, reserved 1048576K
}
Event: 12.661 GC heap after
{Heap after GC invocations=25 (full 0):
 garbage-first heap   total 158720K, used 86379K [0x0000000080000000, 0x0000000100000000)
  region size 1024K, 4 young (4096K), 4 survivors (4096K)
 Metaspace       used 68961K, committed 69568K, reserved 1114112K
  class space    used 9146K, committed 9408K, reserved 1048576K
}

