# JRE version: OpenJDK Runtime Environment (17.0.7) (build 17.0.7+0-b2043.56-10550314)
# Java VM: OpenJDK 64-Bit Server VM (17.0.7+0-b2043.56-10550314, mixed mode, tiered, compressed oops, compressed class ptrs, g1 gc, windows-amd64)
GC Precious Log:
 CPUs: 12 total, 12 available
 Memory: 7916M
 Large Page Support: Disabled
 NUMA Support: Disabled
 Compressed Oops: Enabled (32-bit)
 Heap Region Size: 1M
 Heap Min Capacity: 8M
 Heap Initial Capacity: 124M
 Heap Max Capacity: 2G
 Pre-touch: Disabled
 Parallel Workers: 10
 Concurrent Workers: 3
 Concurrent Refinement Workers: 10
 Periodic GC: Disabled
Heap:
 garbage-first heap   total 278528K, used 211725K [0x0000000080000000, 0x0000000100000000)
  region size 1024K, 70 young (71680K), 9 survivors (9216K)
 Metaspace       used 105361K, committed 106240K, reserved 1179648K
  class space    used 14094K, committed 14528K, reserved 1048576K
GC Heap History (20 events):
Event: 7.488 GC heap before
{Heap before GC invocations=22 (full 0):
 garbage-first heap   total 138240K, used 105407K [0x0000000080000000, 0x0000000100000000)
  region size 1024K, 28 young (28672K), 1 survivors (1024K)
 Metaspace       used 65409K, committed 66112K, reserved 1114112K
  class space    used 8727K, committed 9024K, reserved 1048576K
}
Event: 7.492 GC heap after
{Heap after GC invocations=23 (full 0):
 garbage-first heap   total 138240K, used 80276K [0x0000000080000000, 0x0000000100000000)
  region size 1024K, 4 young (4096K), 4 survivors (4096K)
 Metaspace       used 65409K, committed 66112K, reserved 1114112K
  class space    used 8727K, committed 9024K, reserved 1048576K
}
Event: 7.496 GC heap before
{Heap before GC invocations=23 (full 0):
 garbage-first heap   total 138240K, used 81300K [0x0000000080000000, 0x0000000100000000)
  region size 1024K, 6 young (6144K), 4 survivors (4096K)
 Metaspace       used 65409K, committed 66112K, reserved 1114112K
  class space    used 8727K, committed 9024K, reserved 1048576K
}
Event: 7.499 GC heap after
{Heap after GC invocations=24 (full 0):
 garbage-first heap   total 138240K, used 81274K [0x0000000080000000, 0x0000000100000000)
  region size 1024K, 1 young (1024K), 1 survivors (1024K)
 Metaspace       used 65409K, committed 66112K, reserved 1114112K
  class space    used 8727K, committed 9024K, reserved 1048576K
}
Event: 7.798 GC heap before
{Heap before GC invocations=24 (full 0):
 garbage-first heap   total 138240K, used 111994K [0x0000000080000000, 0x0000000100000000)
  region size 1024K, 26 young (26624K), 1 survivors (1024K)
 Metaspace       used 67245K, committed 67840K, reserved 1114112K
  class space    used 8971K, committed 9216K, reserved 1048576K
}
Event: 7.802 GC heap after
{Heap after GC invocations=25 (full 0):
 garbage-first heap   total 278528K, used 84643K [0x0000000080000000, 0x0000000100000000)
  region size 1024K, 3 young (3072K), 3 survivors (3072K)
 Metaspace       used 67245K, committed 67840K, reserved 1114112K
  class space    used 8971K, committed 9216K, reserved 1048576K
}
Event: 9.656 GC heap before
{Heap before GC invocations=26 (full 0):
 garbage-first heap   total 278528K, used 199331K [0x0000000080000000, 0x0000000100000000)
  region size 1024K, 116 young (118784K), 3 survivors (3072K)
 Metaspace       used 74820K, committed 75520K, reserved 1179648K
  class space    used 9959K, committed 10240K, reserved 1048576K
}
Event: 9.665 GC heap after
{Heap after GC invocations=27 (full 0):
 garbage-first heap   total 278528K, used 90083K [0x0000000080000000, 0x0000000100000000)
  region size 1024K, 11 young (11264K), 11 survivors (11264K)
 Metaspace       used 74820K, committed 75520K, reserved 1179648K
  class space    used 9959K, committed 10240K, reserved 1048576K
}
Event: 9.685 GC heap before
{Heap before GC invocations=27 (full 0):
 garbage-first heap   total 278528K, used 91107K [0x0000000080000000, 0x0000000100000000)
  region size 1024K, 13 young (13312K), 11 survivors (11264K)
 Metaspace       used 75105K, committed 75712K, reserved 1179648K
  class space    used 10014K, committed 10240K, reserved 1048576K
}
Event: 9.691 GC heap after
{Heap after GC invocations=28 (full 0):
 garbage-first heap   total 278528K, used 90924K [0x0000000080000000, 0x0000000100000000)
  region size 1024K, 2 young (2048K), 2 survivors (2048K)
 Metaspace       used 75105K, committed 75712K, reserved 1179648K
  class space    used 10014K, committed 10240K, reserved 1048576K
}
Event: 11.306 GC heap before
{Heap before GC invocations=28 (full 0):
 garbage-first heap   total 278528K, used 227116K [0x0000000080000000, 0x0000000100000000)
  region size 1024K, 115 young (117760K), 2 survivors (2048K)
 Metaspace       used 84738K, committed 85504K, reserved 1179648K
  class space    used 11579K, committed 11904K, reserved 1048576K
}
Event: 11.316 GC heap after
{Heap after GC invocations=29 (full 0):
 garbage-first heap   total 278528K, used 123889K [0x0000000080000000, 0x0000000100000000)
  region size 1024K, 13 young (13312K), 13 survivors (13312K)
 Metaspace       used 84738K, committed 85504K, reserved 1179648K
  class space    used 11579K, committed 11904K, reserved 1048576K
}
Event: 12.882 GC heap before
{Heap before GC invocations=29 (full 0):
 garbage-first heap   total 278528K, used 214001K [0x0000000080000000, 0x0000000100000000)
  region size 1024K, 101 young (103424K), 13 survivors (13312K)
 Metaspace       used 95225K, committed 96000K, reserved 1179648K
  class space    used 13010K, committed 13312K, reserved 1048576K
}
Event: 12.893 GC heap after
{Heap after GC invocations=30 (full 0):
 garbage-first heap   total 278528K, used 129892K [0x0000000080000000, 0x0000000100000000)
  region size 1024K, 7 young (7168K), 7 survivors (7168K)
 Metaspace       used 95225K, committed 96000K, reserved 1179648K
  class space    used 13010K, committed 13312K, reserved 1048576K
}
Event: 14.487 GC heap before
{Heap before GC invocations=30 (full 0):
 garbage-first heap   total 278528K, used 220004K [0x0000000080000000, 0x0000000100000000)
  region size 1024K, 95 young (97280K), 7 survivors (7168K)
 Metaspace       used 99217K, committed 100096K, reserved 1179648K
  class space    used 13353K, committed 13760K, reserved 1048576K
}
Event: 14.501 GC heap after
{Heap after GC invocations=31 (full 0):
 garbage-first heap   total 278528K, used 138633K [0x0000000080000000, 0x0000000100000000)
  region size 1024K, 12 young (12288K), 12 survivors (12288K)
 Metaspace       used 99217K, committed 100096K, reserved 1179648K
  class space    used 13353K, committed 13760K, reserved 1048576K
}
Event: 15.453 GC heap before
{Heap before GC invocations=31 (full 0):
 garbage-first heap   total 278528K, used 221577K [0x0000000080000000, 0x0000000100000000)
  region size 1024K, 94 young (96256K), 12 survivors (12288K)
 Metaspace       used 99677K, committed 100544K, reserved 1179648K
  class space    used 13373K, committed 13760K, reserved 1048576K
}
Event: 15.470 GC heap after
{Heap after GC invocations=32 (full 0):
 garbage-first heap   total 278528K, used 144781K [0x0000000080000000, 0x0000000100000000)
  region size 1024K, 9 young (9216K), 9 survivors (9216K)
 Metaspace       used 99677K, committed 100544K, reserved 1179648K
  class space    used 13373K, committed 13760K, reserved 1048576K
}
Event: 17.247 GC heap before
{Heap before GC invocations=32 (full 0):
 garbage-first heap   total 278528K, used 223629K [0x0000000080000000, 0x0000000100000000)
  region size 1024K, 87 young (89088K), 9 survivors (9216K)
 Metaspace       used 101642K, committed 102528K, reserved 1179648K
  class space    used 13592K, committed 14016K, reserved 1048576K
}
Event: 17.256 GC heap after
{Heap after GC invocations=33 (full 0):
 garbage-first heap   total 278528K, used 151309K [0x0000000080000000, 0x0000000100000000)
  region size 1024K, 9 young (9216K), 9 survivors (9216K)
 Metaspace       used 101642K, committed 102528K, reserved 1179648K
  class space    used 13592K, committed 14016K, reserved 1048576K
}

