# JRE version: OpenJDK Runtime Environment (17.0.7) (build 17.0.7+0-b2043.56-10550314)
# Java VM: OpenJDK 64-Bit Server VM (17.0.7+0-b2043.56-10550314, mixed mode, tiered, compressed oops, compressed class ptrs, g1 gc, windows-amd64)
GC Precious Log:
 CPUs: 12 total, 12 available
 Memory: 7916M
 Large Page Support: Disabled
 NUMA Support: Disabled
 Compressed Oops: Enabled (32-bit)
 Heap Region Size: 1M
 Heap Min Capacity: 8M
 Heap Initial Capacity: 124M
 Heap Max Capacity: 2G
 Pre-touch: Disabled
 Parallel Workers: 10
 Concurrent Workers: 3
 Concurrent Refinement Workers: 10
 Periodic GC: Disabled
Heap:
 garbage-first heap   total 200704K, used 77988K [0x0000000080000000, 0x0000000100000000)
  region size 1024K, 13 young (13312K), 11 survivors (11264K)
 Metaspace       used 62164K, committed 62784K, reserved 1114112K
  class space    used 8292K, committed 8576K, reserved 1048576K
GC Heap History (20 events):
Event: 8.455 GC heap before
{Heap before GC invocations=12 (full 0):
 garbage-first heap   total 82944K, used 65181K [0x0000000080000000, 0x0000000100000000)
  region size 1024K, 23 young (23552K), 3 survivors (3072K)
 Metaspace       used 45395K, committed 45824K, reserved 1114112K
  class space    used 6008K, committed 6208K, reserved 1048576K
}
Event: 8.460 GC heap after
{Heap after GC invocations=13 (full 0):
 garbage-first heap   total 82944K, used 42480K [0x0000000080000000, 0x0000000100000000)
  region size 1024K, 2 young (2048K), 2 survivors (2048K)
 Metaspace       used 45395K, committed 45824K, reserved 1114112K
  class space    used 6008K, committed 6208K, reserved 1048576K
}
Event: 8.498 GC heap before
{Heap before GC invocations=13 (full 0):
 garbage-first heap   total 82944K, used 44528K [0x0000000080000000, 0x0000000100000000)
  region size 1024K, 4 young (4096K), 2 survivors (2048K)
 Metaspace       used 45631K, committed 46016K, reserved 1114112K
  class space    used 6051K, committed 6208K, reserved 1048576K
}
Event: 8.501 GC heap after
{Heap after GC invocations=14 (full 0):
 garbage-first heap   total 82944K, used 42579K [0x0000000080000000, 0x0000000100000000)
  region size 1024K, 1 young (1024K), 1 survivors (1024K)
 Metaspace       used 45631K, committed 46016K, reserved 1114112K
  class space    used 6051K, committed 6208K, reserved 1048576K
}
Event: 8.658 GC heap before
{Heap before GC invocations=14 (full 0):
 garbage-first heap   total 82944K, used 48723K [0x0000000080000000, 0x0000000100000000)
  region size 1024K, 8 young (8192K), 1 survivors (1024K)
 Metaspace       used 46110K, committed 46592K, reserved 1114112K
  class space    used 6130K, committed 6336K, reserved 1048576K
}
Event: 8.661 GC heap after
{Heap after GC invocations=15 (full 0):
 garbage-first heap   total 100352K, used 44252K [0x0000000080000000, 0x0000000100000000)
  region size 1024K, 2 young (2048K), 2 survivors (2048K)
 Metaspace       used 46110K, committed 46592K, reserved 1114112K
  class space    used 6130K, committed 6336K, reserved 1048576K
}
Event: 8.670 GC heap before
{Heap before GC invocations=15 (full 0):
 garbage-first heap   total 100352K, used 47324K [0x0000000080000000, 0x0000000100000000)
  region size 1024K, 3 young (3072K), 2 survivors (2048K)
 Metaspace       used 46110K, committed 46592K, reserved 1114112K
  class space    used 6130K, committed 6336K, reserved 1048576K
}
Event: 8.673 GC heap after
{Heap after GC invocations=16 (full 0):
 garbage-first heap   total 100352K, used 47831K [0x0000000080000000, 0x0000000100000000)
  region size 1024K, 3 young (3072K), 3 survivors (3072K)
 Metaspace       used 46110K, committed 46592K, reserved 1114112K
  class space    used 6130K, committed 6336K, reserved 1048576K
}
Event: 9.151 GC heap before
{Heap before GC invocations=17 (full 0):
 garbage-first heap   total 100352K, used 76503K [0x0000000080000000, 0x0000000100000000)
  region size 1024K, 29 young (29696K), 3 survivors (3072K)
 Metaspace       used 48732K, committed 49216K, reserved 1114112K
  class space    used 6379K, committed 6592K, reserved 1048576K
}
Event: 9.158 GC heap after
{Heap after GC invocations=18 (full 0):
 garbage-first heap   total 100352K, used 53107K [0x0000000080000000, 0x0000000100000000)
  region size 1024K, 4 young (4096K), 4 survivors (4096K)
 Metaspace       used 48732K, committed 49216K, reserved 1114112K
  class space    used 6379K, committed 6592K, reserved 1048576K
}
Event: 9.170 GC heap before
{Heap before GC invocations=18 (full 0):
 garbage-first heap   total 100352K, used 54131K [0x0000000080000000, 0x0000000100000000)
  region size 1024K, 5 young (5120K), 4 survivors (4096K)
 Metaspace       used 48737K, committed 49216K, reserved 1114112K
  class space    used 6380K, committed 6592K, reserved 1048576K
}
Event: 9.178 GC heap after
{Heap after GC invocations=19 (full 0):
 garbage-first heap   total 100352K, used 52855K [0x0000000080000000, 0x0000000100000000)
  region size 1024K, 1 young (1024K), 1 survivors (1024K)
 Metaspace       used 48737K, committed 49216K, reserved 1114112K
  class space    used 6380K, committed 6592K, reserved 1048576K
}
Event: 9.502 GC heap before
{Heap before GC invocations=19 (full 0):
 garbage-first heap   total 100352K, used 76407K [0x0000000080000000, 0x0000000100000000)
  region size 1024K, 24 young (24576K), 1 survivors (1024K)
 Metaspace       used 50384K, committed 50880K, reserved 1114112K
  class space    used 6671K, committed 6848K, reserved 1048576K
}
Event: 9.507 GC heap after
{Heap after GC invocations=20 (full 0):
 garbage-first heap   total 100352K, used 55092K [0x0000000080000000, 0x0000000100000000)
  region size 1024K, 3 young (3072K), 3 survivors (3072K)
 Metaspace       used 50384K, committed 50880K, reserved 1114112K
  class space    used 6671K, committed 6848K, reserved 1048576K
}
Event: 9.940 GC heap before
{Heap before GC invocations=21 (full 0):
 garbage-first heap   total 100352K, used 78644K [0x0000000080000000, 0x0000000100000000)
  region size 1024K, 26 young (26624K), 3 survivors (3072K)
 Metaspace       used 53214K, committed 53760K, reserved 1114112K
  class space    used 7142K, committed 7360K, reserved 1048576K
}
Event: 9.947 GC heap after
{Heap after GC invocations=22 (full 0):
 garbage-first heap   total 100352K, used 56255K [0x0000000080000000, 0x0000000100000000)
  region size 1024K, 2 young (2048K), 2 survivors (2048K)
 Metaspace       used 53214K, committed 53760K, reserved 1114112K
  class space    used 7142K, committed 7360K, reserved 1048576K
}
Event: 10.284 GC heap before
{Heap before GC invocations=22 (full 0):
 garbage-first heap   total 100352K, used 78783K [0x0000000080000000, 0x0000000100000000)
  region size 1024K, 25 young (25600K), 2 survivors (2048K)
 Metaspace       used 54128K, committed 54720K, reserved 1114112K
  class space    used 7241K, committed 7488K, reserved 1048576K
}
Event: 10.290 GC heap after
{Heap after GC invocations=23 (full 0):
 garbage-first heap   total 200704K, used 58462K [0x0000000080000000, 0x0000000100000000)
  region size 1024K, 4 young (4096K), 4 survivors (4096K)
 Metaspace       used 54128K, committed 54720K, reserved 1114112K
  class space    used 7241K, committed 7488K, reserved 1048576K
}
Event: 11.378 GC heap before
{Heap before GC invocations=24 (full 0):
 garbage-first heap   total 200704K, used 152670K [0x0000000080000000, 0x0000000100000000)
  region size 1024K, 88 young (90112K), 4 survivors (4096K)
 Metaspace       used 61480K, committed 62080K, reserved 1114112K
  class space    used 8201K, committed 8448K, reserved 1048576K
}
Event: 11.393 GC heap after
{Heap after GC invocations=25 (full 0):
 garbage-first heap   total 200704K, used 76964K [0x0000000080000000, 0x0000000100000000)
  region size 1024K, 11 young (11264K), 11 survivors (11264K)
 Metaspace       used 61480K, committed 62080K, reserved 1114112K
  class space    used 8201K, committed 8448K, reserved 1048576K
}

