# JRE version: OpenJDK Runtime Environment (17.0.7) (build 17.0.7+0-b2043.56-10550314)
# Java VM: OpenJDK 64-Bit Server VM (17.0.7+0-b2043.56-10550314, mixed mode, tiered, compressed oops, compressed class ptrs, g1 gc, windows-amd64)
GC Precious Log:
 CPUs: 12 total, 12 available
 Memory: 7916M
 Large Page Support: Disabled
 NUMA Support: Disabled
 Compressed Oops: Enabled (32-bit)
 Heap Region Size: 1M
 Heap Min Capacity: 8M
 Heap Initial Capacity: 124M
 Heap Max Capacity: 2G
 Pre-touch: Disabled
 Parallel Workers: 10
 Concurrent Workers: 3
 Concurrent Refinement Workers: 10
 Periodic GC: Disabled
Heap:
 garbage-first heap   total 190464K, used 164586K [0x0000000080000000, 0x0000000100000000)
  region size 1024K, 45 young (46080K), 3 survivors (3072K)
 Metaspace       used 90426K, committed 91136K, reserved 1179648K
  class space    used 12364K, committed 12672K, reserved 1048576K
GC Heap History (20 events):
Event: 13.109 GC heap before
{Heap before GC invocations=33 (full 0):
 garbage-first heap   total 158720K, used 110306K [0x0000000080000000, 0x0000000100000000)
  region size 1024K, 26 young (26624K), 3 survivors (3072K)
 Metaspace       used 67201K, committed 67904K, reserved 1114112K
  class space    used 8947K, committed 9216K, reserved 1048576K
}
Event: 13.113 GC heap after
{Heap after GC invocations=34 (full 0):
 garbage-first heap   total 158720K, used 81682K [0x0000000080000000, 0x0000000100000000)
  region size 1024K, 3 young (3072K), 3 survivors (3072K)
 Metaspace       used 67201K, committed 67904K, reserved 1114112K
  class space    used 8947K, committed 9216K, reserved 1048576K
}
Event: 13.194 GC heap before
{Heap before GC invocations=34 (full 0):
 garbage-first heap   total 158720K, used 85778K [0x0000000080000000, 0x0000000100000000)
  region size 1024K, 7 young (7168K), 3 survivors (3072K)
 Metaspace       used 67523K, committed 68224K, reserved 1114112K
  class space    used 8991K, committed 9280K, reserved 1048576K
}
Event: 13.200 GC heap after
{Heap after GC invocations=35 (full 0):
 garbage-first heap   total 158720K, used 81633K [0x0000000080000000, 0x0000000100000000)
  region size 1024K, 1 young (1024K), 1 survivors (1024K)
 Metaspace       used 67523K, committed 68224K, reserved 1114112K
  class space    used 8991K, committed 9280K, reserved 1048576K
}
Event: 13.736 GC heap before
{Heap before GC invocations=35 (full 0):
 garbage-first heap   total 158720K, used 115425K [0x0000000080000000, 0x0000000100000000)
  region size 1024K, 34 young (34816K), 1 survivors (1024K)
 Metaspace       used 69991K, committed 70656K, reserved 1114112K
  class space    used 9317K, committed 9600K, reserved 1048576K
}
Event: 13.741 GC heap after
{Heap after GC invocations=36 (full 0):
 garbage-first heap   total 158720K, used 84007K [0x0000000080000000, 0x0000000100000000)
  region size 1024K, 3 young (3072K), 3 survivors (3072K)
 Metaspace       used 69991K, committed 70656K, reserved 1114112K
  class space    used 9317K, committed 9600K, reserved 1048576K
}
Event: 14.543 GC heap before
{Heap before GC invocations=37 (full 0):
 garbage-first heap   total 158720K, used 118823K [0x0000000080000000, 0x0000000100000000)
  region size 1024K, 37 young (37888K), 3 survivors (3072K)
 Metaspace       used 74424K, committed 75072K, reserved 1179648K
  class space    used 10022K, committed 10304K, reserved 1048576K
}
Event: 14.550 GC heap after
{Heap after GC invocations=38 (full 0):
 garbage-first heap   total 158720K, used 86767K [0x0000000080000000, 0x0000000100000000)
  region size 1024K, 3 young (3072K), 3 survivors (3072K)
 Metaspace       used 74424K, committed 75072K, reserved 1179648K
  class space    used 10022K, committed 10304K, reserved 1048576K
}
Event: 15.226 GC heap before
{Heap before GC invocations=38 (full 0):
 garbage-first heap   total 158720K, used 122607K [0x0000000080000000, 0x0000000100000000)
  region size 1024K, 38 young (38912K), 3 survivors (3072K)
 Metaspace       used 76572K, committed 77248K, reserved 1179648K
  class space    used 10252K, committed 10560K, reserved 1048576K
}
Event: 15.233 GC heap after
{Heap after GC invocations=39 (full 0):
 garbage-first heap   total 158720K, used 88514K [0x0000000080000000, 0x0000000100000000)
  region size 1024K, 2 young (2048K), 2 survivors (2048K)
 Metaspace       used 76572K, committed 77248K, reserved 1179648K
  class space    used 10252K, committed 10560K, reserved 1048576K
}
Event: 15.702 GC heap before
{Heap before GC invocations=39 (full 0):
 garbage-first heap   total 158720K, used 125378K [0x0000000080000000, 0x0000000100000000)
  region size 1024K, 38 young (38912K), 2 survivors (2048K)
 Metaspace       used 77529K, committed 78336K, reserved 1179648K
  class space    used 10351K, committed 10688K, reserved 1048576K
}
Event: 15.707 GC heap after
{Heap after GC invocations=40 (full 0):
 garbage-first heap   total 158720K, used 91617K [0x0000000080000000, 0x0000000100000000)
  region size 1024K, 5 young (5120K), 5 survivors (5120K)
 Metaspace       used 77529K, committed 78336K, reserved 1179648K
  class space    used 10351K, committed 10688K, reserved 1048576K
}
Event: 16.476 GC heap before
{Heap before GC invocations=40 (full 0):
 garbage-first heap   total 158720K, used 127457K [0x0000000080000000, 0x0000000100000000)
  region size 1024K, 39 young (39936K), 5 survivors (5120K)
 Metaspace       used 81331K, committed 82048K, reserved 1179648K
  class space    used 10974K, committed 11328K, reserved 1048576K
}
Event: 16.483 GC heap after
{Heap after GC invocations=41 (full 0):
 garbage-first heap   total 158720K, used 93702K [0x0000000080000000, 0x0000000100000000)
  region size 1024K, 3 young (3072K), 3 survivors (3072K)
 Metaspace       used 81331K, committed 82048K, reserved 1179648K
  class space    used 10974K, committed 11328K, reserved 1048576K
}
Event: 17.127 GC heap before
{Heap before GC invocations=41 (full 0):
 garbage-first heap   total 158720K, used 128518K [0x0000000080000000, 0x0000000100000000)
  region size 1024K, 37 young (37888K), 3 survivors (3072K)
 Metaspace       used 84682K, committed 85440K, reserved 1179648K
  class space    used 11520K, committed 11840K, reserved 1048576K
}
Event: 17.133 GC heap after
{Heap after GC invocations=42 (full 0):
 garbage-first heap   total 158720K, used 96057K [0x0000000080000000, 0x0000000100000000)
  region size 1024K, 5 young (5120K), 5 survivors (5120K)
 Metaspace       used 84682K, committed 85440K, reserved 1179648K
  class space    used 11520K, committed 11840K, reserved 1048576K
}
Event: 17.443 GC heap before
{Heap before GC invocations=42 (full 0):
 garbage-first heap   total 158720K, used 129849K [0x0000000080000000, 0x0000000100000000)
  region size 1024K, 38 young (38912K), 5 survivors (5120K)
 Metaspace       used 85747K, committed 86464K, reserved 1179648K
  class space    used 11685K, committed 12032K, reserved 1048576K
}
Event: 17.453 GC heap after
{Heap after GC invocations=43 (full 0):
 garbage-first heap   total 158720K, used 99633K [0x0000000080000000, 0x0000000100000000)
  region size 1024K, 4 young (4096K), 4 survivors (4096K)
 Metaspace       used 85747K, committed 86464K, reserved 1179648K
  class space    used 11685K, committed 12032K, reserved 1048576K
}
Event: 17.687 GC heap before
{Heap before GC invocations=43 (full 0):
 garbage-first heap   total 158720K, used 114993K [0x0000000080000000, 0x0000000100000000)
  region size 1024K, 14 young (14336K), 4 survivors (4096K)
 Metaspace       used 86956K, committed 87744K, reserved 1179648K
  class space    used 11842K, committed 12160K, reserved 1048576K
}
Event: 17.696 GC heap after
{Heap after GC invocations=44 (full 0):
 garbage-first heap   total 190464K, used 109290K [0x0000000080000000, 0x0000000100000000)
  region size 1024K, 3 young (3072K), 3 survivors (3072K)
 Metaspace       used 86956K, committed 87744K, reserved 1179648K
  class space    used 11842K, committed 12160K, reserved 1048576K
}

