# JRE version: OpenJDK Runtime Environment (17.0.7) (build 17.0.7+0-b2043.56-10550314)
# Java VM: OpenJDK 64-Bit Server VM (17.0.7+0-b2043.56-10550314, mixed mode, tiered, compressed oops, compressed class ptrs, g1 gc, windows-amd64)
GC Precious Log:
 CPUs: 12 total, 12 available
 Memory: 7916M
 Large Page Support: Disabled
 NUMA Support: Disabled
 Compressed Oops: Enabled (32-bit)
 Heap Region Size: 1M
 Heap Min Capacity: 8M
 Heap Initial Capacity: 124M
 Heap Max Capacity: 2G
 Pre-touch: Disabled
 Parallel Workers: 10
 Concurrent Workers: 3
 Concurrent Refinement Workers: 10
 Periodic GC: Disabled
Heap:
 garbage-first heap   total 126976K, used 65606K [0x0000000080000000, 0x0000000100000000)
  region size 1024K, 2 young (2048K), 2 survivors (2048K)
 Metaspace       used 54968K, committed 55552K, reserved 1114112K
  class space    used 7339K, committed 7616K, reserved 1048576K
GC Heap History (20 events):
Event: 2.164 GC heap after
{Heap after GC invocations=5 (full 0):
 garbage-first heap   total 68608K, used 20031K [0x0000000080000000, 0x0000000100000000)
  region size 1024K, 3 young (3072K), 3 survivors (3072K)
 Metaspace       used 26166K, committed 26432K, reserved 1114112K
  class space    used 3442K, committed 3584K, reserved 1048576K
}
Event: 2.176 GC heap before
{Heap before GC invocations=5 (full 0):
 garbage-first heap   total 68608K, used 21055K [0x0000000080000000, 0x0000000100000000)
  region size 1024K, 4 young (4096K), 3 survivors (3072K)
 Metaspace       used 26281K, committed 26560K, reserved 1114112K
  class space    used 3462K, committed 3584K, reserved 1048576K
}
Event: 2.179 GC heap after
{Heap after GC invocations=6 (full 0):
 garbage-first heap   total 68608K, used 20116K [0x0000000080000000, 0x0000000100000000)
  region size 1024K, 1 young (1024K), 1 survivors (1024K)
 Metaspace       used 26281K, committed 26560K, reserved 1114112K
  class space    used 3462K, committed 3584K, reserved 1048576K
}
Event: 2.797 GC heap before
{Heap before GC invocations=6 (full 0):
 garbage-first heap   total 68608K, used 52884K [0x0000000080000000, 0x0000000100000000)
  region size 1024K, 27 young (27648K), 1 survivors (1024K)
 Metaspace       used 29760K, committed 30080K, reserved 1114112K
  class space    used 4072K, committed 4224K, reserved 1048576K
}
Event: 2.801 GC heap after
{Heap after GC invocations=7 (full 0):
 garbage-first heap   total 119808K, used 32652K [0x0000000080000000, 0x0000000100000000)
  region size 1024K, 4 young (4096K), 4 survivors (4096K)
 Metaspace       used 29760K, committed 30080K, reserved 1114112K
  class space    used 4072K, committed 4224K, reserved 1048576K
}
Event: 3.427 GC heap before
{Heap before GC invocations=7 (full 0):
 garbage-first heap   total 119808K, used 70540K [0x0000000080000000, 0x0000000100000000)
  region size 1024K, 42 young (43008K), 4 survivors (4096K)
 Metaspace       used 35653K, committed 35968K, reserved 1114112K
  class space    used 4974K, committed 5120K, reserved 1048576K
}
Event: 3.431 GC heap after
{Heap after GC invocations=8 (full 0):
 garbage-first heap   total 119808K, used 34843K [0x0000000080000000, 0x0000000100000000)
  region size 1024K, 2 young (2048K), 2 survivors (2048K)
 Metaspace       used 35653K, committed 35968K, reserved 1114112K
  class space    used 4974K, committed 5120K, reserved 1048576K
}
Event: 4.170 GC heap before
{Heap before GC invocations=9 (full 0):
 garbage-first heap   total 119808K, used 89115K [0x0000000080000000, 0x0000000100000000)
  region size 1024K, 53 young (54272K), 2 survivors (2048K)
 Metaspace       used 44130K, committed 44608K, reserved 1114112K
  class space    used 5798K, committed 6016K, reserved 1048576K
}
Event: 4.179 GC heap after
{Heap after GC invocations=10 (full 0):
 garbage-first heap   total 119808K, used 40836K [0x0000000080000000, 0x0000000100000000)
  region size 1024K, 7 young (7168K), 7 survivors (7168K)
 Metaspace       used 44130K, committed 44608K, reserved 1114112K
  class space    used 5798K, committed 6016K, reserved 1048576K
}
Event: 4.195 GC heap before
{Heap before GC invocations=10 (full 0):
 garbage-first heap   total 119808K, used 41860K [0x0000000080000000, 0x0000000100000000)
  region size 1024K, 8 young (8192K), 7 survivors (7168K)
 Metaspace       used 44250K, committed 44672K, reserved 1114112K
  class space    used 5823K, committed 6016K, reserved 1048576K
}
Event: 4.203 GC heap after
{Heap after GC invocations=11 (full 0):
 garbage-first heap   total 119808K, used 41112K [0x0000000080000000, 0x0000000100000000)
  region size 1024K, 1 young (1024K), 1 survivors (1024K)
 Metaspace       used 44250K, committed 44672K, reserved 1114112K
  class space    used 5823K, committed 6016K, reserved 1048576K
}
Event: 4.914 GC heap before
{Heap before GC invocations=11 (full 0):
 garbage-first heap   total 119808K, used 92312K [0x0000000080000000, 0x0000000100000000)
  region size 1024K, 46 young (47104K), 1 survivors (1024K)
 Metaspace       used 49066K, committed 49536K, reserved 1114112K
  class space    used 6410K, committed 6592K, reserved 1048576K
}
Event: 4.920 GC heap after
{Heap after GC invocations=12 (full 0):
 garbage-first heap   total 119808K, used 51798K [0x0000000080000000, 0x0000000100000000)
  region size 1024K, 6 young (6144K), 6 survivors (6144K)
 Metaspace       used 49066K, committed 49536K, reserved 1114112K
  class space    used 6410K, committed 6592K, reserved 1048576K
}
Event: 5.554 GC heap before
{Heap before GC invocations=12 (full 0):
 garbage-first heap   total 119808K, used 91734K [0x0000000080000000, 0x0000000100000000)
  region size 1024K, 45 young (46080K), 6 survivors (6144K)
 Metaspace       used 52315K, committed 52800K, reserved 1114112K
  class space    used 6974K, committed 7168K, reserved 1048576K
}
Event: 5.561 GC heap after
{Heap after GC invocations=13 (full 0):
 garbage-first heap   total 119808K, used 55728K [0x0000000080000000, 0x0000000100000000)
  region size 1024K, 4 young (4096K), 4 survivors (4096K)
 Metaspace       used 52315K, committed 52800K, reserved 1114112K
  class space    used 6974K, committed 7168K, reserved 1048576K
}
Event: 6.136 GC heap before
{Heap before GC invocations=13 (full 0):
 garbage-first heap   total 119808K, used 92592K [0x0000000080000000, 0x0000000100000000)
  region size 1024K, 40 young (40960K), 4 survivors (4096K)
 Metaspace       used 54726K, committed 55296K, reserved 1114112K
  class space    used 7327K, committed 7616K, reserved 1048576K
}
Event: 6.140 GC heap after
{Heap after GC invocations=14 (full 0):
 garbage-first heap   total 119808K, used 58671K [0x0000000080000000, 0x0000000100000000)
  region size 1024K, 3 young (3072K), 3 survivors (3072K)
 Metaspace       used 54726K, committed 55296K, reserved 1114112K
  class space    used 7327K, committed 7616K, reserved 1048576K
}
Event: 6.322 GC heap before
{Heap before GC invocations=14 (full 0):
 garbage-first heap   total 119808K, used 71983K [0x0000000080000000, 0x0000000100000000)
  region size 1024K, 18 young (18432K), 3 survivors (3072K)
 Metaspace       used 54964K, committed 55552K, reserved 1114112K
  class space    used 7339K, committed 7616K, reserved 1048576K
}
Event: 6.327 GC heap after
{Heap after GC invocations=15 (full 0):
 garbage-first heap   total 119808K, used 61456K [0x0000000080000000, 0x0000000100000000)
  region size 1024K, 4 young (4096K), 4 survivors (4096K)
 Metaspace       used 54964K, committed 55552K, reserved 1114112K
  class space    used 7339K, committed 7616K, reserved 1048576K
}
Event: 6.375 GC heap before
{Heap before GC invocations=16 (full 0):
 garbage-first heap   total 119808K, used 65552K [0x0000000080000000, 0x0000000100000000)
  region size 1024K, 6 young (6144K), 4 survivors (4096K)
 Metaspace       used 54968K, committed 55552K, reserved 1114112K
  class space    used 7339K, committed 7616K, reserved 1048576K
}

