# JRE version: OpenJDK Runtime Environment (17.0.7) (build 17.0.7+0-b2043.56-10550314)
# Java VM: OpenJDK 64-Bit Server VM (17.0.7+0-b2043.56-10550314, mixed mode, tiered, compressed oops, compressed class ptrs, g1 gc, windows-amd64)
GC Precious Log:
 CPUs: 12 total, 12 available
 Memory: 7916M
 Large Page Support: Disabled
 NUMA Support: Disabled
 Compressed Oops: Enabled (32-bit)
 Heap Region Size: 1M
 Heap Min Capacity: 8M
 Heap Initial Capacity: 124M
 Heap Max Capacity: 2G
 Pre-touch: Disabled
 Parallel Workers: 10
 Concurrent Workers: 3
 Concurrent Refinement Workers: 10
 Periodic GC: Disabled
Heap:
 garbage-first heap   total 190464K, used 127916K [0x0000000080000000, 0x0000000100000000)
  region size 1024K, 11 young (11264K), 8 survivors (8192K)
 Metaspace       used 84671K, committed 85376K, reserved 1179648K
  class space    used 11555K, committed 11840K, reserved 1048576K
GC Heap History (20 events):
Event: 6.219 GC heap before
{Heap before GC invocations=18 (full 0):
 garbage-first heap   total 158720K, used 105879K [0x0000000080000000, 0x0000000100000000)
  region size 1024K, 52 young (53248K), 1 survivors (1024K)
 Metaspace       used 53608K, committed 54144K, reserved 1114112K
  class space    used 7190K, committed 7424K, reserved 1048576K
}
Event: 6.223 GC heap after
{Heap after GC invocations=19 (full 0):
 garbage-first heap   total 158720K, used 57880K [0x0000000080000000, 0x0000000100000000)
  region size 1024K, 5 young (5120K), 5 survivors (5120K)
 Metaspace       used 53608K, committed 54144K, reserved 1114112K
  class space    used 7190K, committed 7424K, reserved 1048576K
}
Event: 6.945 GC heap before
{Heap before GC invocations=19 (full 0):
 garbage-first heap   total 158720K, used 122392K [0x0000000080000000, 0x0000000100000000)
  region size 1024K, 60 young (61440K), 5 survivors (5120K)
 Metaspace       used 55351K, committed 55936K, reserved 1114112K
  class space    used 7382K, committed 7616K, reserved 1048576K
}
Event: 6.957 GC heap after
{Heap after GC invocations=20 (full 0):
 garbage-first heap   total 158720K, used 76170K [0x0000000080000000, 0x0000000100000000)
  region size 1024K, 8 young (8192K), 8 survivors (8192K)
 Metaspace       used 55351K, committed 55936K, reserved 1114112K
  class space    used 7382K, committed 7616K, reserved 1048576K
}
Event: 7.362 GC heap before
{Heap before GC invocations=20 (full 0):
 garbage-first heap   total 158720K, used 117130K [0x0000000080000000, 0x0000000100000000)
  region size 1024K, 48 young (49152K), 8 survivors (8192K)
 Metaspace       used 61390K, committed 61952K, reserved 1114112K
  class space    used 8151K, committed 8384K, reserved 1048576K
}
Event: 7.368 GC heap after
{Heap after GC invocations=21 (full 0):
 garbage-first heap   total 158720K, used 77518K [0x0000000080000000, 0x0000000100000000)
  region size 1024K, 2 young (2048K), 2 survivors (2048K)
 Metaspace       used 61390K, committed 61952K, reserved 1114112K
  class space    used 8151K, committed 8384K, reserved 1048576K
}
Event: 7.715 GC heap before
{Heap before GC invocations=21 (full 0):
 garbage-first heap   total 158720K, used 96974K [0x0000000080000000, 0x0000000100000000)
  region size 1024K, 22 young (22528K), 2 survivors (2048K)
 Metaspace       used 65427K, committed 66112K, reserved 1114112K
  class space    used 8703K, committed 9024K, reserved 1048576K
}
Event: 7.719 GC heap after
{Heap after GC invocations=22 (full 0):
 garbage-first heap   total 190464K, used 79572K [0x0000000080000000, 0x0000000100000000)
  region size 1024K, 4 young (4096K), 4 survivors (4096K)
 Metaspace       used 65427K, committed 66112K, reserved 1114112K
  class space    used 8703K, committed 9024K, reserved 1048576K
}
Event: 8.468 GC heap before
{Heap before GC invocations=22 (full 0):
 garbage-first heap   total 190464K, used 153300K [0x0000000080000000, 0x0000000100000000)
  region size 1024K, 70 young (71680K), 4 survivors (4096K)
 Metaspace       used 70250K, committed 70912K, reserved 1114112K
  class space    used 9330K, committed 9600K, reserved 1048576K
}
Event: 8.475 GC heap after
{Heap after GC invocations=23 (full 0):
 garbage-first heap   total 190464K, used 85346K [0x0000000080000000, 0x0000000100000000)
  region size 1024K, 9 young (9216K), 9 survivors (9216K)
 Metaspace       used 70250K, committed 70912K, reserved 1114112K
  class space    used 9330K, committed 9600K, reserved 1048576K
}
Event: 9.291 GC heap before
{Heap before GC invocations=23 (full 0):
 garbage-first heap   total 190464K, used 148834K [0x0000000080000000, 0x0000000100000000)
  region size 1024K, 71 young (72704K), 9 survivors (9216K)
 Metaspace       used 73570K, committed 74304K, reserved 1114112K
  class space    used 9761K, committed 10048K, reserved 1048576K
}
Event: 9.298 GC heap after
{Heap after GC invocations=24 (full 0):
 garbage-first heap   total 190464K, used 90663K [0x0000000080000000, 0x0000000100000000)
  region size 1024K, 6 young (6144K), 6 survivors (6144K)
 Metaspace       used 73570K, committed 74304K, reserved 1114112K
  class space    used 9761K, committed 10048K, reserved 1048576K
}
Event: 9.368 GC heap before
{Heap before GC invocations=24 (full 0):
 garbage-first heap   total 190464K, used 96807K [0x0000000080000000, 0x0000000100000000)
  region size 1024K, 13 young (13312K), 6 survivors (6144K)
 Metaspace       used 74229K, committed 75008K, reserved 1114112K
  class space    used 9856K, committed 10176K, reserved 1048576K
}
Event: 9.372 GC heap after
{Heap after GC invocations=25 (full 0):
 garbage-first heap   total 190464K, used 91995K [0x0000000080000000, 0x0000000100000000)
  region size 1024K, 2 young (2048K), 2 survivors (2048K)
 Metaspace       used 74229K, committed 75008K, reserved 1114112K
  class space    used 9856K, committed 10176K, reserved 1048576K
}
Event: 10.103 GC heap before
{Heap before GC invocations=26 (full 0):
 garbage-first heap   total 190464K, used 155483K [0x0000000080000000, 0x0000000100000000)
  region size 1024K, 63 young (64512K), 2 survivors (2048K)
 Metaspace       used 79589K, committed 80256K, reserved 1179648K
  class space    used 10797K, committed 11072K, reserved 1048576K
}
Event: 10.108 GC heap after
{Heap after GC invocations=27 (full 0):
 garbage-first heap   total 190464K, used 95165K [0x0000000080000000, 0x0000000100000000)
  region size 1024K, 5 young (5120K), 5 survivors (5120K)
 Metaspace       used 79589K, committed 80256K, reserved 1179648K
  class space    used 10797K, committed 11072K, reserved 1048576K
}
Event: 10.175 GC heap before
{Heap before GC invocations=27 (full 0):
 garbage-first heap   total 190464K, used 99261K [0x0000000080000000, 0x0000000100000000)
  region size 1024K, 9 young (9216K), 5 survivors (5120K)
 Metaspace       used 79793K, committed 80512K, reserved 1179648K
  class space    used 10830K, committed 11136K, reserved 1048576K
}
Event: 10.179 GC heap after
{Heap after GC invocations=28 (full 0):
 garbage-first heap   total 190464K, used 95359K [0x0000000080000000, 0x0000000100000000)
  region size 1024K, 1 young (1024K), 1 survivors (1024K)
 Metaspace       used 79793K, committed 80512K, reserved 1179648K
  class space    used 10830K, committed 11136K, reserved 1048576K
}
Event: 11.258 GC heap before
{Heap before GC invocations=28 (full 0):
 garbage-first heap   total 190464K, used 176255K [0x0000000080000000, 0x0000000100000000)
  region size 1024K, 60 young (61440K), 1 survivors (1024K)
 Metaspace       used 84651K, committed 85376K, reserved 1179648K
  class space    used 11555K, committed 11840K, reserved 1048576K
}
Event: 11.265 GC heap after
{Heap after GC invocations=29 (full 0):
 garbage-first heap   total 190464K, used 125868K [0x0000000080000000, 0x0000000100000000)
  region size 1024K, 8 young (8192K), 8 survivors (8192K)
 Metaspace       used 84651K, committed 85376K, reserved 1179648K
  class space    used 11555K, committed 11840K, reserved 1048576K
}

