# JRE version: OpenJDK Runtime Environment (17.0.7) (build 17.0.7+0-b2043.56-10550314)
# Java VM: OpenJDK 64-Bit Server VM (17.0.7+0-b2043.56-10550314, mixed mode, tiered, compressed oops, compressed class ptrs, g1 gc, windows-amd64)
GC Precious Log:
 CPUs: 12 total, 12 available
 Memory: 7916M
 Large Page Support: Disabled
 NUMA Support: Disabled
 Compressed Oops: Enabled (Zero based)
 Heap Region Size: 4M
 Heap Min Capacity: 8M
 Heap Initial Capacity: 124M
 Heap Max Capacity: 6G
 Pre-touch: Disabled
 Parallel Workers: 10
 Concurrent Workers: 3
 Concurrent Refinement Workers: 10
 Periodic GC: Disabled
Heap:
 garbage-first heap   total 151552K, used 84542K [0x0000000680000000, 0x0000000800000000)
  region size 4096K, 10 young (40960K), 2 survivors (8192K)
 Metaspace       used 52431K, committed 52928K, reserved 1114112K
  class space    used 6988K, committed 7168K, reserved 1048576K
GC Heap History (20 events):
Event: 1.323 GC heap before
{Heap before GC invocations=0 (full 0):
 garbage-first heap   total 126976K, used 24576K [0x0000000680000000, 0x0000000800000000)
  region size 4096K, 5 young (20480K), 0 survivors (0K)
 Metaspace       used 9950K, committed 10112K, reserved 1114112K
  class space    used 1017K, committed 1088K, reserved 1048576K
}
Event: 1.332 GC heap after
{Heap after GC invocations=1 (full 0):
 garbage-first heap   total 126976K, used 9845K [0x0000000680000000, 0x0000000800000000)
  region size 4096K, 1 young (4096K), 1 survivors (4096K)
 Metaspace       used 9950K, committed 10112K, reserved 1114112K
  class space    used 1017K, committed 1088K, reserved 1048576K
}
Event: 1.932 GC heap before
{Heap before GC invocations=1 (full 0):
 garbage-first heap   total 126976K, used 26229K [0x0000000680000000, 0x0000000800000000)
  region size 4096K, 5 young (20480K), 1 survivors (4096K)
 Metaspace       used 11135K, committed 11392K, reserved 1114112K
  class space    used 1161K, committed 1280K, reserved 1048576K
}
Event: 1.941 GC heap after
{Heap after GC invocations=2 (full 0):
 garbage-first heap   total 126976K, used 10632K [0x0000000680000000, 0x0000000800000000)
  region size 4096K, 1 young (4096K), 1 survivors (4096K)
 Metaspace       used 11135K, committed 11392K, reserved 1114112K
  class space    used 1161K, committed 1280K, reserved 1048576K
}
Event: 3.949 GC heap before
{Heap before GC invocations=2 (full 0):
 garbage-first heap   total 126976K, used 59784K [0x0000000680000000, 0x0000000800000000)
  region size 4096K, 13 young (53248K), 1 survivors (4096K)
 Metaspace       used 20462K, committed 20736K, reserved 1114112K
  class space    used 2439K, committed 2560K, reserved 1048576K
}
Event: 3.976 GC heap after
{Heap after GC invocations=3 (full 0):
 garbage-first heap   total 126976K, used 17722K [0x0000000680000000, 0x0000000800000000)
  region size 4096K, 2 young (8192K), 2 survivors (8192K)
 Metaspace       used 20462K, committed 20736K, reserved 1114112K
  class space    used 2439K, committed 2560K, reserved 1048576K
}
Event: 4.131 GC heap before
{Heap before GC invocations=3 (full 0):
 garbage-first heap   total 126976K, used 21818K [0x0000000680000000, 0x0000000800000000)
  region size 4096K, 4 young (16384K), 2 survivors (8192K)
 Metaspace       used 21292K, committed 21504K, reserved 1114112K
  class space    used 2578K, committed 2688K, reserved 1048576K
}
Event: 4.142 GC heap after
{Heap after GC invocations=4 (full 0):
 garbage-first heap   total 126976K, used 17976K [0x0000000680000000, 0x0000000800000000)
  region size 4096K, 1 young (4096K), 1 survivors (4096K)
 Metaspace       used 21292K, committed 21504K, reserved 1114112K
  class space    used 2578K, committed 2688K, reserved 1048576K
}
Event: 5.988 GC heap before
{Heap before GC invocations=5 (full 0):
 garbage-first heap   total 98304K, used 71224K [0x0000000680000000, 0x0000000800000000)
  region size 4096K, 14 young (57344K), 1 survivors (4096K)
 Metaspace       used 29087K, committed 29440K, reserved 1114112K
  class space    used 3943K, committed 4096K, reserved 1048576K
}
Event: 5.999 GC heap after
{Heap after GC invocations=6 (full 0):
 garbage-first heap   total 98304K, used 21660K [0x0000000680000000, 0x0000000800000000)
  region size 4096K, 1 young (4096K), 1 survivors (4096K)
 Metaspace       used 29087K, committed 29440K, reserved 1114112K
  class space    used 3943K, committed 4096K, reserved 1048576K
}
Event: 6.059 GC heap before
{Heap before GC invocations=6 (full 0):
 garbage-first heap   total 98304K, used 25756K [0x0000000680000000, 0x0000000800000000)
  region size 4096K, 2 young (8192K), 1 survivors (4096K)
 Metaspace       used 29126K, committed 29440K, reserved 1114112K
  class space    used 3952K, committed 4096K, reserved 1048576K
}
Event: 6.073 GC heap after
{Heap after GC invocations=7 (full 0):
 garbage-first heap   total 98304K, used 28190K [0x0000000680000000, 0x0000000800000000)
  region size 4096K, 1 young (4096K), 1 survivors (4096K)
 Metaspace       used 29126K, committed 29440K, reserved 1114112K
  class space    used 3952K, committed 4096K, reserved 1048576K
}
Event: 7.167 GC heap before
{Heap before GC invocations=7 (full 0):
 garbage-first heap   total 98304K, used 60958K [0x0000000680000000, 0x0000000800000000)
  region size 4096K, 9 young (36864K), 1 survivors (4096K)
 Metaspace       used 32966K, committed 33344K, reserved 1114112K
  class space    used 4569K, committed 4736K, reserved 1048576K
}
Event: 7.177 GC heap after
{Heap after GC invocations=8 (full 0):
 garbage-first heap   total 159744K, used 35519K [0x0000000680000000, 0x0000000800000000)
  region size 4096K, 2 young (8192K), 2 survivors (8192K)
 Metaspace       used 32966K, committed 33344K, reserved 1114112K
  class space    used 4569K, committed 4736K, reserved 1048576K
}
Event: 7.695 GC heap before
{Heap before GC invocations=8 (full 0):
 garbage-first heap   total 159744K, used 47807K [0x0000000680000000, 0x0000000800000000)
  region size 4096K, 6 young (24576K), 2 survivors (8192K)
 Metaspace       used 35623K, committed 35968K, reserved 1114112K
  class space    used 4958K, committed 5120K, reserved 1048576K
}
Event: 7.706 GC heap after
{Heap after GC invocations=9 (full 0):
 garbage-first heap   total 159744K, used 37434K [0x0000000680000000, 0x0000000800000000)
  region size 4096K, 1 young (4096K), 1 survivors (4096K)
 Metaspace       used 35623K, committed 35968K, reserved 1114112K
  class space    used 4958K, committed 5120K, reserved 1048576K
}
Event: 9.782 GC heap before
{Heap before GC invocations=10 (full 0):
 garbage-first heap   total 151552K, used 98874K [0x0000000680000000, 0x0000000800000000)
  region size 4096K, 16 young (65536K), 1 survivors (4096K)
 Metaspace       used 44717K, committed 45184K, reserved 1114112K
  class space    used 5888K, committed 6080K, reserved 1048576K
}
Event: 9.796 GC heap after
{Heap after GC invocations=11 (full 0):
 garbage-first heap   total 151552K, used 43934K [0x0000000680000000, 0x0000000800000000)
  region size 4096K, 2 young (8192K), 2 survivors (8192K)
 Metaspace       used 44717K, committed 45184K, reserved 1114112K
  class space    used 5888K, committed 6080K, reserved 1048576K
}
Event: 11.569 GC heap before
{Heap before GC invocations=11 (full 0):
 garbage-first heap   total 151552K, used 101278K [0x0000000680000000, 0x0000000800000000)
  region size 4096K, 16 young (65536K), 2 survivors (8192K)
 Metaspace       used 49492K, committed 49984K, reserved 1114112K
  class space    used 6488K, committed 6720K, reserved 1048576K
}
Event: 11.590 GC heap after
{Heap after GC invocations=12 (full 0):
 garbage-first heap   total 151552K, used 55870K [0x0000000680000000, 0x0000000800000000)
  region size 4096K, 2 young (8192K), 2 survivors (8192K)
 Metaspace       used 49492K, committed 49984K, reserved 1114112K
  class space    used 6488K, committed 6720K, reserved 1048576K
}

