# JRE version: OpenJDK Runtime Environment (17.0.7) (build 17.0.7+0-b2043.56-10550314)
# Java VM: OpenJDK 64-Bit Server VM (17.0.7+0-b2043.56-10550314, mixed mode, tiered, compressed oops, compressed class ptrs, g1 gc, windows-amd64)
GC Precious Log:
 CPUs: 12 total, 12 available
 Memory: 7916M
 Large Page Support: Disabled
 NUMA Support: Disabled
 Compressed Oops: Enabled (32-bit)
 Heap Region Size: 1M
 Heap Min Capacity: 8M
 Heap Initial Capacity: 124M
 Heap Max Capacity: 2G
 Pre-touch: Disabled
 Parallel Workers: 10
 Concurrent Workers: 3
 Concurrent Refinement Workers: 10
 Periodic GC: Disabled
Heap:
 garbage-first heap   total 171008K, used 73944K [0x0000000080000000, 0x0000000100000000)
  region size 1024K, 14 young (14336K), 6 survivors (6144K)
 Metaspace       used 66676K, committed 67264K, reserved 1114112K
  class space    used 8883K, committed 9152K, reserved 1048576K
GC Heap History (20 events):
Event: 5.365 GC heap before
{Heap before GC invocations=11 (full 0):
 garbage-first heap   total 82944K, used 41391K [0x0000000080000000, 0x0000000100000000)
  region size 1024K, 5 young (5120K), 3 survivors (3072K)
 Metaspace       used 42114K, committed 42560K, reserved 1114112K
  class space    used 5613K, committed 5824K, reserved 1048576K
}
Event: 5.369 GC heap after
{Heap after GC invocations=12 (full 0):
 garbage-first heap   total 82944K, used 41872K [0x0000000080000000, 0x0000000100000000)
  region size 1024K, 1 young (1024K), 1 survivors (1024K)
 Metaspace       used 42114K, committed 42560K, reserved 1114112K
  class space    used 5613K, committed 5824K, reserved 1048576K
}
Event: 5.874 GC heap before
{Heap before GC invocations=13 (full 0):
 garbage-first heap   total 82944K, used 65424K [0x0000000080000000, 0x0000000100000000)
  region size 1024K, 21 young (21504K), 1 survivors (1024K)
 Metaspace       used 45333K, committed 45760K, reserved 1114112K
  class space    used 6000K, committed 6208K, reserved 1048576K
}
Event: 5.878 GC heap after
{Heap after GC invocations=14 (full 0):
 garbage-first heap   total 100352K, used 42673K [0x0000000080000000, 0x0000000100000000)
  region size 1024K, 2 young (2048K), 2 survivors (2048K)
 Metaspace       used 45333K, committed 45760K, reserved 1114112K
  class space    used 6000K, committed 6208K, reserved 1048576K
}
Event: 6.217 GC heap before
{Heap before GC invocations=14 (full 0):
 garbage-first heap   total 100352K, used 57009K [0x0000000080000000, 0x0000000100000000)
  region size 1024K, 14 young (14336K), 2 survivors (2048K)
 Metaspace       used 46574K, committed 47040K, reserved 1114112K
  class space    used 6184K, committed 6400K, reserved 1048576K
}
Event: 6.222 GC heap after
{Heap after GC invocations=15 (full 0):
 garbage-first heap   total 100352K, used 48323K [0x0000000080000000, 0x0000000100000000)
  region size 1024K, 5 young (5120K), 5 survivors (5120K)
 Metaspace       used 46574K, committed 47040K, reserved 1114112K
  class space    used 6184K, committed 6400K, reserved 1048576K
}
Event: 6.442 GC heap before
{Heap before GC invocations=15 (full 0):
 garbage-first heap   total 100352K, used 60611K [0x0000000080000000, 0x0000000100000000)
  region size 1024K, 16 young (16384K), 5 survivors (5120K)
 Metaspace       used 47322K, committed 47744K, reserved 1114112K
  class space    used 6269K, committed 6464K, reserved 1048576K
}
Event: 6.447 GC heap after
{Heap after GC invocations=16 (full 0):
 garbage-first heap   total 100352K, used 52664K [0x0000000080000000, 0x0000000100000000)
  region size 1024K, 5 young (5120K), 5 survivors (5120K)
 Metaspace       used 47322K, committed 47744K, reserved 1114112K
  class space    used 6269K, committed 6464K, reserved 1048576K
}
Event: 6.923 GC heap before
{Heap before GC invocations=17 (full 0):
 garbage-first heap   total 100352K, used 77240K [0x0000000080000000, 0x0000000100000000)
  region size 1024K, 28 young (28672K), 5 survivors (5120K)
 Metaspace       used 49347K, committed 49792K, reserved 1114112K
  class space    used 6463K, committed 6656K, reserved 1048576K
}
Event: 6.929 GC heap after
{Heap after GC invocations=18 (full 0):
 garbage-first heap   total 100352K, used 54447K [0x0000000080000000, 0x0000000100000000)
  region size 1024K, 4 young (4096K), 4 survivors (4096K)
 Metaspace       used 49347K, committed 49792K, reserved 1114112K
  class space    used 6463K, committed 6656K, reserved 1048576K
}
Event: 6.941 GC heap before
{Heap before GC invocations=18 (full 0):
 garbage-first heap   total 100352K, used 55471K [0x0000000080000000, 0x0000000100000000)
  region size 1024K, 5 young (5120K), 4 survivors (4096K)
 Metaspace       used 49421K, committed 49856K, reserved 1114112K
  class space    used 6479K, committed 6656K, reserved 1048576K
}
Event: 6.944 GC heap after
{Heap after GC invocations=19 (full 0):
 garbage-first heap   total 100352K, used 54616K [0x0000000080000000, 0x0000000100000000)
  region size 1024K, 1 young (1024K), 1 survivors (1024K)
 Metaspace       used 49421K, committed 49856K, reserved 1114112K
  class space    used 6479K, committed 6656K, reserved 1048576K
}
Event: 7.296 GC heap before
{Heap before GC invocations=19 (full 0):
 garbage-first heap   total 100352K, used 78168K [0x0000000080000000, 0x0000000100000000)
  region size 1024K, 24 young (24576K), 1 survivors (1024K)
 Metaspace       used 51809K, committed 52352K, reserved 1114112K
  class space    used 6882K, committed 7104K, reserved 1048576K
}
Event: 7.302 GC heap after
{Heap after GC invocations=20 (full 0):
 garbage-first heap   total 171008K, used 56460K [0x0000000080000000, 0x0000000100000000)
  region size 1024K, 3 young (3072K), 3 survivors (3072K)
 Metaspace       used 51809K, committed 52352K, reserved 1114112K
  class space    used 6882K, committed 7104K, reserved 1048576K
}
Event: 11.038 GC heap before
{Heap before GC invocations=21 (full 0):
 garbage-first heap   total 171008K, used 127116K [0x0000000080000000, 0x0000000100000000)
  region size 1024K, 73 young (74752K), 3 survivors (3072K)
 Metaspace       used 61441K, committed 62016K, reserved 1114112K
  class space    used 8153K, committed 8384K, reserved 1048576K
}
Event: 11.045 GC heap after
{Heap after GC invocations=22 (full 0):
 garbage-first heap   total 171008K, used 62226K [0x0000000080000000, 0x0000000100000000)
  region size 1024K, 8 young (8192K), 8 survivors (8192K)
 Metaspace       used 61441K, committed 62016K, reserved 1114112K
  class space    used 8153K, committed 8384K, reserved 1048576K
}
Event: 11.054 GC heap before
{Heap before GC invocations=22 (full 0):
 garbage-first heap   total 171008K, used 63250K [0x0000000080000000, 0x0000000100000000)
  region size 1024K, 9 young (9216K), 8 survivors (8192K)
 Metaspace       used 61452K, committed 62016K, reserved 1114112K
  class space    used 8153K, committed 8384K, reserved 1048576K
}
Event: 11.060 GC heap after
{Heap after GC invocations=23 (full 0):
 garbage-first heap   total 171008K, used 62708K [0x0000000080000000, 0x0000000100000000)
  region size 1024K, 2 young (2048K), 2 survivors (2048K)
 Metaspace       used 61452K, committed 62016K, reserved 1114112K
  class space    used 8153K, committed 8384K, reserved 1048576K
}
Event: 12.120 GC heap before
{Heap before GC invocations=23 (full 0):
 garbage-first heap   total 171008K, used 126196K [0x0000000080000000, 0x0000000100000000)
  region size 1024K, 65 young (66560K), 2 survivors (2048K)
 Metaspace       used 65274K, committed 65792K, reserved 1114112K
  class space    used 8726K, committed 8960K, reserved 1048576K
}
Event: 12.127 GC heap after
{Heap after GC invocations=24 (full 0):
 garbage-first heap   total 171008K, used 66776K [0x0000000080000000, 0x0000000100000000)
  region size 1024K, 6 young (6144K), 6 survivors (6144K)
 Metaspace       used 65274K, committed 65792K, reserved 1114112K
  class space    used 8726K, committed 8960K, reserved 1048576K
}

