# JRE version: OpenJDK Runtime Environment (17.0.7) (build 17.0.7+0-b2043.56-10550314)
# Java VM: OpenJDK 64-Bit Server VM (17.0.7+0-b2043.56-10550314, mixed mode, tiered, compressed oops, compressed class ptrs, g1 gc, windows-amd64)
GC Precious Log:
 CPUs: 12 total, 12 available
 Memory: 7916M
 Large Page Support: Disabled
 NUMA Support: Disabled
 Compressed Oops: Enabled (Zero based)
 Heap Region Size: 2M
 Heap Min Capacity: 8M
 Heap Initial Capacity: 124M
 Heap Max Capacity: 4G
 Pre-touch: Disabled
 Parallel Workers: 10
 Concurrent Workers: 3
 Concurrent Refinement Workers: 10
 Periodic GC: Disabled
Heap:
 garbage-first heap   total 149504K, used 87057K [0x0000000700000000, 0x0000000800000000)
  region size 2048K, 3 young (6144K), 3 survivors (6144K)
 Metaspace       used 70208K, committed 70912K, reserved 1114112K
  class space    used 9337K, committed 9600K, reserved 1048576K
GC Heap History (20 events):
Event: 5.764 GC heap after
{Heap after GC invocations=16 (full 0):
 garbage-first heap   total 83968K, used 41766K [0x0000000700000000, 0x0000000800000000)
  region size 2048K, 2 young (4096K), 2 survivors (4096K)
 Metaspace       used 45592K, committed 45952K, reserved 1114112K
  class space    used 6034K, committed 6208K, reserved 1048576K
}
Event: 5.954 GC heap before
{Heap before GC invocations=16 (full 0):
 garbage-first heap   total 83968K, used 52006K [0x0000000700000000, 0x0000000800000000)
  region size 2048K, 8 young (16384K), 2 survivors (4096K)
 Metaspace       used 46598K, committed 47040K, reserved 1114112K
  class space    used 6188K, committed 6400K, reserved 1048576K
}
Event: 5.959 GC heap after
{Heap after GC invocations=17 (full 0):
 garbage-first heap   total 83968K, used 43947K [0x0000000700000000, 0x0000000800000000)
  region size 2048K, 2 young (4096K), 2 survivors (4096K)
 Metaspace       used 46598K, committed 47040K, reserved 1114112K
  class space    used 6188K, committed 6400K, reserved 1048576K
}
Event: 6.248 GC heap before
{Heap before GC invocations=18 (full 0):
 garbage-first heap   total 90112K, used 70571K [0x0000000700000000, 0x0000000800000000)
  region size 2048K, 12 young (24576K), 2 survivors (4096K)
 Metaspace       used 48795K, committed 49344K, reserved 1114112K
  class space    used 6372K, committed 6592K, reserved 1048576K
}
Event: 6.252 GC heap after
{Heap after GC invocations=19 (full 0):
 garbage-first heap   total 90112K, used 52327K [0x0000000700000000, 0x0000000800000000)
  region size 2048K, 2 young (4096K), 2 survivors (4096K)
 Metaspace       used 48795K, committed 49344K, reserved 1114112K
  class space    used 6372K, committed 6592K, reserved 1048576K
}
Event: 6.492 GC heap before
{Heap before GC invocations=19 (full 0):
 garbage-first heap   total 90112K, used 70759K [0x0000000700000000, 0x0000000800000000)
  region size 2048K, 11 young (22528K), 2 survivors (4096K)
 Metaspace       used 49560K, committed 50112K, reserved 1114112K
  class space    used 6500K, committed 6720K, reserved 1048576K
}
Event: 6.499 GC heap after
{Heap after GC invocations=20 (full 0):
 garbage-first heap   total 90112K, used 54653K [0x0000000700000000, 0x0000000800000000)
  region size 2048K, 2 young (4096K), 2 survivors (4096K)
 Metaspace       used 49560K, committed 50112K, reserved 1114112K
  class space    used 6500K, committed 6720K, reserved 1048576K
}
Event: 6.844 GC heap before
{Heap before GC invocations=21 (full 0):
 garbage-first heap   total 100352K, used 71037K [0x0000000700000000, 0x0000000800000000)
  region size 2048K, 10 young (20480K), 2 survivors (4096K)
 Metaspace       used 51172K, committed 51648K, reserved 1114112K
  class space    used 6778K, committed 6976K, reserved 1048576K
}
Event: 6.852 GC heap after
{Heap after GC invocations=22 (full 0):
 garbage-first heap   total 100352K, used 56184K [0x0000000700000000, 0x0000000800000000)
  region size 2048K, 1 young (2048K), 1 survivors (2048K)
 Metaspace       used 51172K, committed 51648K, reserved 1114112K
  class space    used 6778K, committed 6976K, reserved 1048576K
}
Event: 7.286 GC heap before
{Heap before GC invocations=22 (full 0):
 garbage-first heap   total 100352K, used 78712K [0x0000000700000000, 0x0000000800000000)
  region size 2048K, 12 young (24576K), 1 survivors (2048K)
 Metaspace       used 53968K, committed 54592K, reserved 1114112K
  class space    used 7236K, committed 7488K, reserved 1048576K
}
Event: 7.292 GC heap after
{Heap after GC invocations=23 (full 0):
 garbage-first heap   total 149504K, used 57309K [0x0000000700000000, 0x0000000800000000)
  region size 2048K, 2 young (4096K), 2 survivors (4096K)
 Metaspace       used 53968K, committed 54592K, reserved 1114112K
  class space    used 7236K, committed 7488K, reserved 1048576K
}
Event: 7.925 GC heap before
{Heap before GC invocations=24 (full 0):
 garbage-first heap   total 149504K, used 112605K [0x0000000700000000, 0x0000000800000000)
  region size 2048K, 28 young (57344K), 2 survivors (4096K)
 Metaspace       used 55268K, committed 55936K, reserved 1114112K
  class space    used 7377K, committed 7680K, reserved 1048576K
}
Event: 7.935 GC heap after
{Heap after GC invocations=25 (full 0):
 garbage-first heap   total 149504K, used 72263K [0x0000000700000000, 0x0000000800000000)
  region size 2048K, 4 young (8192K), 4 survivors (8192K)
 Metaspace       used 55268K, committed 55936K, reserved 1114112K
  class space    used 7377K, committed 7680K, reserved 1048576K
}
Event: 8.362 GC heap before
{Heap before GC invocations=25 (full 0):
 garbage-first heap   total 149504K, used 109127K [0x0000000700000000, 0x0000000800000000)
  region size 2048K, 23 young (47104K), 4 survivors (8192K)
 Metaspace       used 60704K, committed 61312K, reserved 1114112K
  class space    used 8068K, committed 8320K, reserved 1048576K
}
Event: 8.371 GC heap after
{Heap after GC invocations=26 (full 0):
 garbage-first heap   total 149504K, used 76875K [0x0000000700000000, 0x0000000800000000)
  region size 2048K, 2 young (4096K), 2 survivors (4096K)
 Metaspace       used 60704K, committed 61312K, reserved 1114112K
  class space    used 8068K, committed 8320K, reserved 1048576K
}
Event: 8.990 GC heap before
{Heap before GC invocations=26 (full 0):
 garbage-first heap   total 149504K, used 111691K [0x0000000700000000, 0x0000000800000000)
  region size 2048K, 20 young (40960K), 2 survivors (4096K)
 Metaspace       used 65460K, committed 66176K, reserved 1114112K
  class space    used 8707K, committed 9024K, reserved 1048576K
}
Event: 8.998 GC heap after
{Heap after GC invocations=27 (full 0):
 garbage-first heap   total 149504K, used 85439K [0x0000000700000000, 0x0000000800000000)
  region size 2048K, 3 young (6144K), 3 survivors (6144K)
 Metaspace       used 65460K, committed 66176K, reserved 1114112K
  class space    used 8707K, committed 9024K, reserved 1048576K
}
Event: 9.495 GC heap before
{Heap before GC invocations=28 (full 0):
 garbage-first heap   total 149504K, used 114111K [0x0000000700000000, 0x0000000800000000)
  region size 2048K, 18 young (36864K), 3 survivors (6144K)
 Metaspace       used 67913K, committed 68544K, reserved 1114112K
  class space    used 9034K, committed 9280K, reserved 1048576K
}
Event: 9.502 GC heap after
{Heap after GC invocations=29 (full 0):
 garbage-first heap   total 149504K, used 84665K [0x0000000700000000, 0x0000000800000000)
  region size 2048K, 2 young (4096K), 2 survivors (4096K)
 Metaspace       used 67913K, committed 68544K, reserved 1114112K
  class space    used 9034K, committed 9280K, reserved 1048576K
}
Event: 9.925 GC heap before
{Heap before GC invocations=29 (full 0):
 garbage-first heap   total 149504K, used 115385K [0x0000000700000000, 0x0000000800000000)
  region size 2048K, 17 young (34816K), 2 survivors (4096K)
 Metaspace       used 70208K, committed 70912K, reserved 1114112K
  class space    used 9337K, committed 9600K, reserved 1048576K
}

